[Sat 11 Oct 2025 07:07:26 PM MSK] Сканирование /proc...
1: <не удалось прочитать exe>
10: <не удалось прочитать exe>
100: <не удалось прочитать exe>
10044: /snap/firefox/6966/usr/lib/firefox/firefox
10137: /snap/firefox/6966/usr/lib/firefox/firefox
10304: /snap/telegram-desktop/6822/usr/bin/telegram-desktop
10638: <не удалось прочитать exe>
11073: /opt/google/chrome/chrome
11080: /usr/bin/cat
11081: /usr/bin/cat
11083: /opt/google/chrome/chrome_crashpad_handler
11085: /opt/google/chrome/chrome_crashpad_handler
11091: /opt/google/chrome/chrome
11092: /opt/google/chrome/chrome
11094: /opt/google/chrome/chrome
11123: /opt/google/chrome/chrome
11125: /opt/google/chrome/chrome
11136: /opt/google/chrome/chrome
11258: /opt/google/chrome/chrome
11270: /opt/google/chrome/chrome
11326: /opt/google/chrome/chrome
11394: /opt/google/chrome/chrome
11427: /opt/google/chrome/chrome
11535: /opt/google/chrome/chrome
11582: /opt/google/chrome/chrome
11595: <не удалось прочитать exe>
11610: /opt/google/chrome/chrome
11639: /opt/google/chrome/chrome
11653: /opt/google/chrome/chrome
11836: <не удалось прочитать exe>
11905: /usr/bin/nautilus
12566: <не удалось прочитать exe>
12745: /snap/code/210/usr/share/code/code
12747: /snap/code/210/usr/share/code/code
12748: /snap/code/210/usr/share/code/code
12762: /snap/code/210/usr/share/code/chrome_crashpad_handler
12797: /snap/code/210/usr/share/code/code
12829: /snap/code/210/usr/share/code/code
12842: /snap/code/210/usr/share/code/code
12880: /snap/code/210/usr/share/code/code
12881: /snap/code/210/usr/share/code/code
12906: /snap/code/210/usr/share/code/code
12938: /snap/code/210/usr/share/code/code
12981: /usr/bin/bash
13: <не удалось прочитать exe>
13106: <не удалось прочитать exe>
14: <не удалось прочитать exe>
14788: <не удалось прочитать exe>
14794: <не удалось прочитать exe>
14848: <не удалось прочитать exe>
14897: <не удалось прочитать exe>
14973: /usr/bin/eog
15: <не удалось прочитать exe>
1515: <не удалось прочитать exe>
1516: <не удалось прочитать exe>
1520: <не удалось прочитать exe>
1528: <не удалось прочитать exe>
153: <не удалось прочитать exe>
15310: <не удалось прочитать exe>
15380: <не удалось прочитать exe>
154: <не удалось прочитать exe>
1541: <не удалось прочитать exe>
1542: <не удалось прочитать exe>
1543: <не удалось прочитать exe>
1548: <не удалось прочитать exe>
1550: <не удалось прочитать exe>
1551: <не удалось прочитать exe>
1554: <не удалось прочитать exe>
1558: <не удалось прочитать exe>
1572: <не удалось прочитать exe>
1588: <не удалось прочитать exe>
16: <не удалось прочитать exe>
16068: <не удалось прочитать exe>
16080: /opt/google/chrome/chrome
16187: /usr/bin/bash
1620: <не удалось прочитать exe>
1646: <не удалось прочитать exe>
1647: <не удалось прочитать exe>
168: <не удалось прочитать exe>
17: <не удалось прочитать exe>
170: <не удалось прочитать exe>
171: <не удалось прочитать exe>
172: <не удалось прочитать exe>
1721: <не удалось прочитать exe>
175: <не удалось прочитать exe>
177: <не удалось прочитать exe>
18: <не удалось прочитать exe>
181: <не удалось прочитать exe>
182: <не удалось прочитать exe>
184: <не удалось прочитать exe>
1845: <не удалось прочитать exe>
1847: <не удалось прочитать exe>
185: <не удалось прочитать exe>
1850: <не удалось прочитать exe>
1893: <не удалось прочитать exe>
19: <не удалось прочитать exe>
191: <не удалось прочитать exe>
1911: <не удалось прочитать exe>
192: <не удалось прочитать exe>
1930: <не удалось прочитать exe>
1933: <не удалось прочитать exe>
1934: <не удалось прочитать exe>
1970: <не удалось прочитать exe>
1973: <не удалось прочитать exe>
1976: <не удалось прочитать exe>
199: <не удалось прочитать exe>
2: <не удалось прочитать exe>
20: <не удалось прочитать exe>
200: <не удалось прочитать exe>
2033: <не удалось прочитать exe>
2084: <не удалось прочитать exe>
2085: <не удалось прочитать exe>
21: <не удалось прочитать exe>
2132: <не удалось прочитать exe>
22: <не удалось прочитать exe>
2258: <не удалось прочитать exe>
23: <не удалось прочитать exe>
2303: <не удалось прочитать exe>
24: <не удалось прочитать exe>
25: <не удалось прочитать exe>
26: <не удалось прочитать exe>
2636: <не удалось прочитать exe>
265: <не удалось прочитать exe>
2659: <не удалось прочитать exe>
266: <не удалось прочитать exe>
2670: <не удалось прочитать exe>
2671: <не удалось прочитать exe>
2684: /usr/bin/mpris-proxy
2685: /usr/bin/pipewire
2686: /usr/bin/pipewire
2690: /usr/bin/wireplumber
2691: /usr/bin/pipewire
2692: /usr/bin/dbus-daemon
2693: /usr/bin/gnome-keyring-daemon
27: <не удалось прочитать exe>
2741: /usr/libexec/xdg-document-portal
2745: /usr/libexec/xdg-permission-store
2752: <не удалось прочитать exe>
2784: /usr/libexec/gdm-wayland-session
2801: /usr/libexec/gnome-session-binary
2882: /usr/libexec/gcr-ssh-agent
2886: /usr/libexec/gnome-session-ctl
29: <не удалось прочитать exe>
2903: /usr/libexec/gvfsd
2915: /usr/libexec/gvfsd-fuse
2918: /usr/libexec/gnome-session-binary
2948: /usr/libexec/at-spi-bus-launcher
2956: /usr/bin/gnome-shell
2962: /usr/bin/dbus-daemon
2995: /usr/libexec/at-spi2-registryd
3: <не удалось прочитать exe>
30: <не удалось прочитать exe>
3011: /usr/libexec/gnome-shell-calendar-server
3018: /usr/libexec/evolution-source-registry
3031: /usr/bin/gjs-console
3036: /usr/bin/ibus-daemon
3039: /usr/libexec/gsd-a11y-settings
3041: /usr/libexec/gsd-color
3045: /usr/libexec/gsd-datetime
3050: /usr/libexec/goa-daemon
3051: /usr/libexec/gsd-housekeeping
3052: /usr/libexec/gsd-keyboard
3055: /usr/libexec/gsd-media-keys
3059: /usr/libexec/gsd-power
3062: /usr/libexec/gsd-print-notifications
3063: /usr/libexec/gsd-rfkill
3067: /usr/libexec/gsd-screensaver-proxy
3070: /usr/libexec/gsd-sharing
3073: /usr/libexec/gsd-smartcard
3075: /usr/libexec/gsd-disk-utility-notify
3097: /usr/libexec/evolution-data-server/evolution-alarm-notify
31: <не удалось прочитать exe>
3158: /usr/libexec/gsd-sound
3159: /usr/libexec/gsd-wacom
3189: /usr/libexec/goa-identity-service
32: <не удалось прочитать exe>
321: <не удалось прочитать exe>
3212: /usr/libexec/gvfs-udisks2-volume-monitor
3238: /usr/libexec/gsd-printer
3250: /usr/libexec/evolution-calendar-factory
3255: /usr/libexec/ibus-memconf
3257: /usr/libexec/ibus-extension-gtk3
3262: /usr/libexec/ibus-portal
3280: /usr/libexec/gvfs-goa-volume-monitor
3287: /usr/libexec/gvfs-mtp-volume-monitor
3292: /usr/libexec/evolution-addressbook-factory
3299: /usr/libexec/gvfs-afc-volume-monitor
33: <не удалось прочитать exe>
3311: /usr/libexec/gvfs-gphoto2-volume-monitor
3334: /usr/libexec/ibus-engine-simple
3357: /usr/libexec/dconf-service
3358: /snap/snapd-desktop-integration/315/usr/bin/snapd-desktop-integration
3415: /snap/snapd-desktop-integration/315/usr/bin/snapd-desktop-integration
342: <не удалось прочитать exe>
3433: /usr/libexec/gvfsd-trash
3462: /usr/libexec/xdg-desktop-portal
3464: /usr/libexec/localsearch-3
3477: /usr/libexec/xdg-desktop-portal-gnome
3499: /usr/bin/gjs-console
35: <не удалось прочитать exe>
3532: /usr/bin/gjs-console
3577: /usr/libexec/xdg-desktop-portal-gtk
3583: /usr/libexec/gvfsd-metadata
36: <не удалось прочитать exe>
3692: /usr/bin/Xwayland
37: <не удалось прочитать exe>
3707: /usr/libexec/gsd-xsettings
3726: /usr/libexec/mutter-x11-frames
3752: /usr/libexec/ibus-x11
38: <не удалось прочитать exe>
380: <не удалось прочитать exe>
388: <не удалось прочитать exe>
39: <не удалось прочитать exe>
390: <не удалось прочитать exe>
3959: /usr/bin/update-notifier
397: <не удалось прочитать exe>
4: <не удалось прочитать exe>
41: <не удалось прочитать exe>
42: <не удалось прочитать exe>
43: <не удалось прочитать exe>
44: <не удалось прочитать exe>
4471: /usr/bin/snap
45: <не удалось прочитать exe>
46: <не удалось прочитать exe>
49: <не удалось прочитать exe>
5: <не удалось прочитать exe>
50: <не удалось прочитать exe>
51: <не удалось прочитать exe>
52: <не удалось прочитать exe>
53: <не удалось прочитать exe>
54: <не удалось прочитать exe>
55: <не удалось прочитать exe>
56: <не удалось прочитать exe>
59: <не удалось прочитать exe>
6: <не удалось прочитать exe>
60: <не удалось прочитать exe>
607: <не удалось прочитать exe>
61: <не удалось прочитать exe>
62: <не удалось прочитать exe>
63: <не удалось прочитать exe>
639: <не удалось прочитать exe>
65: <не удалось прочитать exe>
66: <не удалось прочитать exe>
668: <не удалось прочитать exe>
67: <не удалось прочитать exe>
69: <не удалось прочитать exe>
7: <не удалось прочитать exe>
70: <не удалось прочитать exe>
71: <не удалось прочитать exe>
72: <не удалось прочитать exe>
7361: <не удалось прочитать exe>
7380: <не удалось прочитать exe>
75: <не удалось прочитать exe>
76: <не удалось прочитать exe>
8: <не удалось прочитать exe>
8016: /usr/libexec/gvfsd-http
83: <не удалось прочитать exe>
86: <не удалось прочитать exe>
8720: /usr/libexec/gvfsd-recent
8729: /usr/libexec/gvfsd-network
8738: /usr/libexec/gvfsd-dnssd
8744: /usr/libexec/gvfsd-wsdd
8749: /usr/bin/python3.13
9052: <не удалось прочитать exe>
9126: /snap/firefox/6966/usr/lib/firefox/firefox
918: <не удалось прочитать exe>
9186: /snap/firefox/6966/usr/lib/firefox/crashhelper
923: <не удалось прочитать exe>
924: <не удалось прочитать exe>
925: <не удалось прочитать exe>
926: <не удалось прочитать exe>
9269: /snap/firefox/6966/usr/lib/firefox/firefox
9274: /snap/firefox/6966/usr/lib/firefox/firefox
9286: /snap/firefox/6966/usr/lib/firefox/firefox
9296: /snap/firefox/6966/usr/lib/firefox/firefox
9619: /snap/firefox/6966/usr/lib/firefox/firefox
9796: /snap/firefox/6966/usr/lib/firefox/firefox
9804: /snap/firefox/6966/usr/lib/firefox/firefox
9809: /snap/firefox/6966/usr/lib/firefox/firefox
99: <не удалось прочитать exe>
9985: /snap/firefox/6966/usr/lib/firefox/firefox
[Sat 11 Oct 2025 07:07:28 PM MSK] Создан Лог: proc_pids_20251011_190726.log
