[Sun 19 Oct 2025 02:21:37 PM MSK] Сканирование /proc...
1: <не удалось прочитать exe>
10: <не удалось прочитать exe>
10007: /usr/libexec/gvfsd-trash
10030: /usr/libexec/xdg-desktop-portal
10053: /usr/libexec/localsearch-3
10054: /usr/libexec/xdg-desktop-portal-gnome
10066: /usr/bin/gjs-console
101: <не удалось прочитать exe>
10149: /usr/libexec/xdg-desktop-portal-gtk
10154: /usr/libexec/gvfsd-metadata
10261: /usr/bin/update-notifier
126: <не удалось прочитать exe>
13: <не удалось прочитать exe>
14: <не удалось прочитать exe>
15: <не удалось прочитать exe>
1544: <не удалось прочитать exe>
1545: <не удалось прочитать exe>
154542: <не удалось прочитать exe>
1549: <не удалось прочитать exe>
1553: <не удалось прочитать exe>
156: <не удалось прочитать exe>
1562: <не удалось прочитать exe>
1567: <не удалось прочитать exe>
1570: <не удалось прочитать exe>
1574: <не удалось прочитать exe>
1576: <не удалось прочитать exe>
1577: <не удалось прочитать exe>
1578: <не удалось прочитать exe>
1579: <не удалось прочитать exe>
158: <не удалось прочитать exe>
1582: <не удалось прочитать exe>
1596: <не удалось прочитать exe>
16: <не удалось прочитать exe>
162049: <не удалось прочитать exe>
1637: <не удалось прочитать exe>
1641: <не удалось прочитать exe>
1645: <не удалось прочитать exe>
167: <не удалось прочитать exe>
168: <не удалось прочитать exe>
17: <не удалось прочитать exe>
1721: <не удалось прочитать exe>
175: <не удалось прочитать exe>
176: <не удалось прочитать exe>
176210: <не удалось прочитать exe>
18: <не удалось прочитать exe>
181: <не удалось прочитать exe>
182: <не удалось прочитать exe>
185: <не удалось прочитать exe>
1854: <не удалось прочитать exe>
1856: <не удалось прочитать exe>
1859: <не удалось прочитать exe>
186: <не удалось прочитать exe>
1862: <не удалось прочитать exe>
1872: <не удалось прочитать exe>
1891: <не удалось прочитать exe>
19: <не удалось прочитать exe>
1907: <не удалось прочитать exe>
1921: <не удалось прочитать exe>
192861: <не удалось прочитать exe>
193: <не удалось прочитать exe>
194: <не удалось прочитать exe>
1980: <не удалось прочитать exe>
1981: <не удалось прочитать exe>
1984: <не удалось прочитать exe>
1985: <не удалось прочитать exe>
2: <не удалось прочитать exe>
20: <не удалось прочитать exe>
200303: <не удалось прочитать exe>
200357: <не удалось прочитать exe>
2016: <не удалось прочитать exe>
2026: <не удалось прочитать exe>
2035: <не удалось прочитать exe>
206: <не удалось прочитать exe>
207: <не удалось прочитать exe>
208: <не удалось прочитать exe>
209: <не удалось прочитать exe>
21: <не удалось прочитать exe>
212: <не удалось прочитать exe>
2149: <не удалось прочитать exe>
2150: <не удалось прочитать exe>
22: <не удалось прочитать exe>
2298: <не удалось прочитать exe>
23: <не удалось прочитать exe>
230062: /usr/bin/gjs-console
230083: <не удалось прочитать exe>
230084: <не удалось прочитать exe>
230113: <не удалось прочитать exe>
230129: <не удалось прочитать exe>
230191: <не удалось прочитать exe>
235158: <не удалось прочитать exe>
24: <не удалось прочитать exe>
25: <не удалось прочитать exe>
253133: /usr/bin/bash
2542: <не удалось прочитать exe>
2586: <не удалось прочитать exe>
26: <не удалось прочитать exe>
263: <не удалось прочитать exe>
264: <не удалось прочитать exe>
27: <не удалось прочитать exe>
29: <не удалось прочитать exe>
2923: <не удалось прочитать exe>
2944: <не удалось прочитать exe>
3: <не удалось прочитать exe>
30: <не удалось прочитать exe>
31: <не удалось прочитать exe>
319: <не удалось прочитать exe>
32: <не удалось прочитать exe>
33: <не удалось прочитать exe>
333: <не удалось прочитать exe>
35: <не удалось прочитать exe>
36: <не удалось прочитать exe>
36469: /snap/code/211/usr/share/code/code
36471: /snap/code/211/usr/share/code/code
36472: /snap/code/211/usr/share/code/code
36486: /snap/code/211/usr/share/code/chrome_crashpad_handler
36489: /usr/bin/Xwayland
36495: /usr/libexec/gsd-xsettings
36504: /usr/libexec/mutter-x11-frames
36520: /usr/libexec/ibus-x11
36566: /snap/code/211/usr/share/code/code
36605: /snap/code/211/usr/share/code/code
36619: /snap/code/211/usr/share/code/code
36639: /snap/code/211/usr/share/code/code
36651: /snap/code/211/usr/share/code/code
36663: /snap/code/211/usr/share/code/code
36664: /snap/code/211/usr/share/code/code
36716: /snap/code/211/usr/share/code/code
36726: /usr/bin/bash
36868: <не удалось прочитать exe>
37: <не удалось прочитать exe>
38: <не удалось прочитать exe>
380: <не удалось прочитать exe>
381: <не удалось прочитать exe>
389: <не удалось прочитать exe>
39: <не удалось прочитать exe>
395: <не удалось прочитать exe>
4: <не удалось прочитать exe>
41: <не удалось прочитать exe>
42: <не удалось прочитать exe>
43: <не удалось прочитать exe>
44: <не удалось прочитать exe>
45: <не удалось прочитать exe>
46: <не удалось прочитать exe>
47: <не удалось прочитать exe>
49: <не удалось прочитать exe>
5: <не удалось прочитать exe>
50: <не удалось прочитать exe>
51: <не удалось прочитать exe>
52: <не удалось прочитать exe>
53: <не удалось прочитать exe>
54: <не удалось прочитать exe>
55: <не удалось прочитать exe>
56: <не удалось прочитать exe>
58574: /snap/firefox/7024/usr/lib/firefox/firefox
58640: /snap/firefox/7024/usr/lib/firefox/crashhelper
58722: /snap/firefox/7024/usr/lib/firefox/firefox
58727: /snap/firefox/7024/usr/lib/firefox/firefox
58740: /snap/firefox/7024/usr/lib/firefox/firefox
58749: /snap/firefox/7024/usr/lib/firefox/firefox
58787: /usr/bin/snap
58952: /snap/firefox/7024/usr/lib/firefox/firefox
59: <не удалось прочитать exe>
59274: /snap/firefox/7024/usr/lib/firefox/firefox
59282: /snap/firefox/7024/usr/lib/firefox/firefox
59463: /snap/firefox/7024/usr/lib/firefox/firefox
6: <не удалось прочитать exe>
61: <не удалось прочитать exe>
62: <не удалось прочитать exe>
63: <не удалось прочитать exe>
635: <не удалось прочитать exe>
64: <не удалось прочитать exe>
65: <не удалось прочитать exe>
66: <не удалось прочитать exe>
66914: <не удалось прочитать exe>
66989: <не удалось прочитать exe>
67: <не удалось прочитать exe>
67041: /snap/firefox/7024/usr/lib/firefox/firefox
67094: /snap/firefox/7024/usr/lib/firefox/firefox
67772: <не удалось прочитать exe>
69: <не удалось прочитать exe>
7: <не удалось прочитать exe>
70: <не удалось прочитать exe>
71: <не удалось прочитать exe>
710: <не удалось прочитать exe>
72: <не удалось прочитать exe>
747: <не удалось прочитать exe>
76: <не удалось прочитать exe>
77: <не удалось прочитать exe>
78: <не удалось прочитать exe>
8: <не удалось прочитать exe>
85: <не удалось прочитать exe>
88: <не удалось прочитать exe>
89683: /snap/firefox/7024/usr/lib/firefox/firefox
89711: /snap/firefox/7024/usr/lib/firefox/firefox
89737: /snap/firefox/7024/usr/lib/firefox/firefox
89763: /snap/firefox/7024/usr/lib/firefox/firefox
918: <не удалось прочитать exe>
9235: <не удалось прочитать exe>
9236: <не удалось прочитать exe>
9249: /usr/bin/mpris-proxy
9250: /usr/bin/pipewire
9252: /usr/bin/pipewire
9255: /usr/bin/wireplumber
9256: /usr/bin/pipewire
9257: /usr/bin/dbus-daemon
9261: /usr/bin/gnome-keyring-daemon
928: <не удалось прочитать exe>
929: <не удалось прочитать exe>
9298: /usr/libexec/xdg-document-portal
930: <не удалось прочитать exe>
9310: /usr/libexec/xdg-permission-store
9317: <не удалось прочитать exe>
934: <не удалось прочитать exe>
9354: /usr/libexec/gdm-wayland-session
9365: /usr/libexec/gnome-session-binary
9430: /usr/libexec/gcr-ssh-agent
9431: /usr/libexec/gnome-session-ctl
9456: /usr/libexec/gvfsd
9474: /usr/libexec/gvfsd-fuse
9477: /usr/libexec/gnome-session-binary
9513: /usr/libexec/at-spi-bus-launcher
9514: /usr/bin/gnome-shell
9527: /usr/bin/dbus-daemon
9561: /usr/libexec/at-spi2-registryd
9577: /usr/libexec/gnome-shell-calendar-server
9584: /usr/libexec/evolution-source-registry
9596: /usr/bin/gjs-console
9611: /usr/bin/ibus-daemon
9613: /usr/libexec/gsd-a11y-settings
9614: /usr/libexec/gsd-color
9615: /usr/libexec/gsd-datetime
9616: /usr/libexec/gsd-housekeeping
9618: /usr/libexec/gsd-keyboard
9621: /usr/libexec/gsd-media-keys
9624: /usr/libexec/gsd-power
9625: /usr/libexec/gsd-print-notifications
9628: /usr/libexec/gsd-rfkill
9635: /usr/libexec/gsd-screensaver-proxy
9637: /usr/libexec/goa-daemon
9640: /usr/libexec/gsd-disk-utility-notify
9641: /usr/libexec/gsd-sharing
9666: /usr/libexec/evolution-data-server/evolution-alarm-notify
9675: /usr/libexec/gsd-smartcard
9679: /usr/libexec/gsd-sound
9735: /usr/libexec/gsd-wacom
9786: /usr/libexec/ibus-memconf
9787: /usr/libexec/ibus-extension-gtk3
9795: /usr/libexec/ibus-portal
9799: /usr/libexec/evolution-calendar-factory
9801: /usr/libexec/gvfs-udisks2-volume-monitor
9808: /usr/libexec/goa-identity-service
9822: /usr/libexec/gsd-printer
9850: /usr/libexec/gvfs-goa-volume-monitor
9853: /usr/libexec/evolution-addressbook-factory
9860: /usr/libexec/gvfs-mtp-volume-monitor
9871: /usr/libexec/gvfs-afc-volume-monitor
9879: /usr/libexec/gvfs-gphoto2-volume-monitor
9898: /usr/libexec/ibus-engine-simple
9922: /usr/libexec/dconf-service
9923: /snap/snapd-desktop-integration/315/usr/bin/snapd-desktop-integration
9989: /snap/snapd-desktop-integration/315/usr/bin/snapd-desktop-integration
[Sun 19 Oct 2025 02:21:38 PM MSK] Создан Лог: proc_pids_20251019_142137.log
