PID      Name                 max_procs                      mounts                         fd_count       
-----------------------------------------------------------------------------------------------------------
1        systemd              44487                          63                             0              
10       kworker/0:0H-events_highpri 44487                          63                             0              
100      kworker/0:1H-i915_cleanup 44487                          63                             0              
10137    Isolated Servic      44487                          0                              43             
10304    telegram-deskto      44487                          1318                           73             
11073    chrome               44487                          63                             314            
11080    cat                  44487                          63                             6              
11081    cat                  44487                          63                             6              
11083    chrome_crashpad      44487                          63                             8              
11085    chrome_crashpad      44487                          63                             6              
11091    chrome               44487                          63                             13             
11092    chrome               44487                          0                              13             
11094    chrome               44487                          0                              14             
11123    chrome               44487                          63                             116            
11125    chrome               44487                          63                             52             
11136    chrome               44487                          0                              46             
11258    chrome               44487                          0                              23             
11270    chrome               44487                          0                              42             
11326    chrome               44487                          0                              66             
11394    chrome               44487                          0                              67             
11427    chrome               44487                          0                              41             
11535    chrome               44487                          0                              39             
11582    chrome               44487                          63                             25             
11610    chrome               44487                          0                              69             
11639    chrome               44487                          0                              41             
11653    chrome               44487                          0                              46             
12745    code                 44487                          63                             139            
12747    code                 44487                          63                             12             
12748    code                 44487                          63                             12             
12762    chrome_crashpad      44487                          63                             6              
12797    code                 44487                          63                             26             
12829    code                 44487                          63                             56             
12842    code                 44487                          63                             37             
12880    code                 44487                          63                             45             
12881    code                 44487                          63                             48             
12906    code                 44487                          63                             65             
12938    code                 44487                          63                             46             
12981    bash                 44487                          63                             8              
13       kworker/R-mm_percpu_wq 44487                          63                             0              
14       rcu_tasks_kthread    44487                          63                             0              
15       rcu_tasks_rude_kthread 44487                          63                             0              
1515     avahi-daemon         44487                          0                              0              
1516     dbus-daemon          44487                          63                             0              
1520     gnome-remote-de      44487                          63                             0              
1528     polkitd              44487                          85                             0              
153      kworker/2:1H-i915_cleanup 44487                          63                             0              
154      kworker/1:1H-i915_cleanup 44487                          63                             0              
1541     snapd                44487                          63                             0              
1542     accounts-daemon      44487                          83                             0              
1543     switcheroo-cont      44487                          64                             0              
1548     systemd-logind       44487                          75                             0              
1550     systemd-machine      44487                          63                             0              
1551     thermald             44487                          63                             0              
1554     udisksd              44487                          63                             0              
1558     virtlockd            44487                          63                             0              
1572     virtlogd             44487                          76                             0              
1588     avahi-daemon         44487                          63                             0              
16       rcu_tasks_trace_kthread 44487                          63                             0              
1620     rsyslogd             44487                          63                             0              
1646     NetworkManager       44487                          68                             0              
1647     wpa_supplicant       44487                          63                             0              
168      scsi_eh_0            44487                          63                             0              
17       ksoftirqd/0          44487                          63                             0              
170      kworker/R-scsi_tmf_0 44487                          63                             0              
171      scsi_eh_1            44487                          63                             0              
172      kworker/R-scsi_tmf_1 44487                          63                             0              
1721     ModemManager         44487                          66                             0              
175      scsi_eh_2            44487                          63                             0              
177      kworker/R-scsi_tmf_2 44487                          63                             0              
18       rcu_preempt          44487                          63                             0              
181      kworker/R-sdhci      44487                          63                             0              
18141    gnome-terminal-      44487                          63                             21             
18148    bash                 44487                          63                             4              
182      irq/18-mmc0          44487                          63                             0              
18223    kworker/u17:1-i915_flip 44487                          63                             0              
184      scsi_eh_3            44487                          63                             0              
1845     hwrng                44487                          63                             0              
18457    jbd2/sdb-8           44487                          63                             0              
18458    kworker/R-ext4-rsv-conversion 44487                          63                             0              
1847     cupsd                44487                          63                             0              
185      kworker/R-scsi_tmf_3 44487                          63                             0              
1850     unattended-upgr      44487                          63                             0              
18828    gjs                  44487                          63                             17             
18922    code                 44487                          63                             38             
1893     bluetoothd           1                              78                             0              
19       rcu_exp_par_gp_kthread_worker/0 44487                          63                             0              
19073    ssh-agent            44487                          63                             0              
191      scsi_eh_4            44487                          63                             0              
1911     krfcommd             44487                          63                             0              
19118    code                 44487                          63                             39             
192      kworker/R-scsi_tmf_4 44487                          63                             0              
1930     cups-browsed         44487                          63                             0              
1933     cron                 44487                          63                             0              
1934     libvirtd             44487                          63                             0              
1970     gdm3                 44487                          63                             0              
1973     kworker/R-iprt-VBoxWQueue 44487                          63                             0              
1976     iprt-VBoxTscThread   44487                          63                             0              
199      scsi_eh_5            44487                          63                             0              
2        kthreadd             44487                          63                             0              
20       rcu_exp_gp_kthread_worker 44487                          63                             0              
200      kworker/R-scsi_tmf_5 44487                          63                             0              
2033     psimon               44487                          63                             0              
2084     dnsmasq              44487                          63                             0              
2085     dnsmasq              44487                          63                             0              
21       migration/0          44487                          63                             0              
2132     rtkit-daemon         3                              3                              0              
22       idle_inject/0        44487                          63                             0              
2258     colord               44487                          67                             0              
23       cpuhp/0              44487                          63                             0              
2303     upowerd              44487                          65                             0              
24       cpuhp/2              44487                          63                             0              
25       idle_inject/2        44487                          63                             0              
26       migration/2          44487                          63                             0              
2636     power-profiles-      44487                          68                             0              
265      jbd2/sda2-8          44487                          63                             0              
2659     gdm-session-wor      44487                          63                             0              
266      kworker/R-ext4-rsv-conversion 44487                          63                             0              
2670     systemd              44487                          63                             142            
2671     (sd-pam)             44487                          63                             0              
2684     mpris-proxy          44487                          63                             6              
2685     pipewire             44487                          63                             80             
2686     pipewire             44487                          63                             15             
2690     wireplumber          44487                          63                             63             
2691     pipewire-pulse       44487                          63                             46             
2692     dbus-daemon          44487                          63                             488            
2693     gnome-keyring-d      44487                          63                             15             
27       ksoftirqd/2          44487                          63                             0              
2741     xdg-document-po      44487                          63                             15             
2745     xdg-permission-      44487                          63                             7              
2752     fusermount3          44487                          63                             0              
2784     gdm-wayland-ses      44487                          63                             9              
2801     gnome-session-b      44487                          63                             8              
28627    kworker/2:2-events   44487                          63                             0              
2882     gcr-ssh-agent        44487                          63                             6              
2886     gnome-session-c      44487                          63                             6              
29       kworker/2:0H-events_highpri 44487                          63                             0              
2903     gvfsd                44487                          63                             15             
2915     gvfsd-fuse           44487                          63                             10             
2918     gnome-session-b      44487                          63                             21             
2948     at-spi-bus-laun      44487                          63                             11             
2956     gnome-shell          44487                          63                             149            
2962     dbus-daemon          44487                          63                             83             
2995     at-spi2-registr      44487                          63                             10             
3        pool_workqueue_release 44487                          63                             0              
30       cpuhp/1              44487                          63                             0              
3011     gnome-shell-cal      44487                          63                             10             
3018     evolution-sourc      44487                          63                             9              
3031     gjs                  44487                          63                             8              
3036     ibus-daemon          44487                          63                             18             
3039     gsd-a11y-settin      44487                          63                             8              
3041     gsd-color            44487                          63                             15             
3045     gsd-datetime         44487                          63                             8              
3050     goa-daemon           44487                          63                             12             
3051     gsd-housekeepin      44487                          63                             12             
3052     gsd-keyboard         44487                          63                             15             
3055     gsd-media-keys       44487                          63                             20             
3059     gsd-power            44487                          63                             21             
3062     gsd-print-notif      44487                          63                             9              
3063     gsd-rfkill           44487                          63                             10             
3067     gsd-screensaver      44487                          63                             7              
3070     gsd-sharing          44487                          63                             9              
3073     gsd-smartcard        44487                          63                             8              
3075     gsd-disk-utilit      44487                          63                             8              
3097     evolution-alarm      44487                          63                             16             
31       idle_inject/1        44487                          63                             0              
3158     gsd-sound            44487                          63                             9              
3159     gsd-wacom            44487                          63                             13             
3189     goa-identity-se      44487                          63                             8              
32       migration/1          44487                          63                             0              
321      systemd-journal      44487                          63                             0              
3212     gvfs-udisks2-vo      44487                          63                             14             
3238     gsd-printer          44487                          63                             8              
3250     evolution-calen      44487                          63                             13             
3255     ibus-memconf         44487                          63                             9              
3257     ibus-extension-      44487                          63                             15             
3262     ibus-portal          44487                          63                             9              
3280     gvfs-goa-volume      44487                          63                             7              
3287     gvfs-mtp-volume      44487                          63                             8              
3292     evolution-addre      44487                          63                             13             
3299     gvfs-afc-volume      44487                          63                             8              
33       ksoftirqd/1          44487                          63                             0              
3311     gvfs-gphoto2-vo      44487                          63                             8              
3334     ibus-engine-sim      44487                          63                             9              
3357     dconf-service        44487                          63                             7              
3358     snapd-desktop-i      44487                          476                            3              
3415     snapd-desktop-i      44487                          476                            14             
342      systemd-oomd         44487                          78                             0              
3433     gvfsd-trash          44487                          63                             14             
3462     xdg-desktop-por      44487                          63                             32             
3464     localsearch-3        44487                          63                             55             
3477     xdg-desktop-por      44487                          63                             13             
3499     gjs                  44487                          63                             8              
35       kworker/1:0H-events_highpri 44487                          63                             0              
3577     xdg-desktop-por      44487                          63                             16             
3583     gvfsd-metadata       44487                          63                             10             
36       cpuhp/3              44487                          63                             0              
3692     Xwayland             44487                          63                             26             
37       idle_inject/3        44487                          63                             0              
3707     gsd-xsettings        44487                          63                             19             
3726     mutter-x11-fram      44487                          63                             13             
3752     ibus-x11             44487                          63                             10             
38       migration/3          44487                          63                             0              
380      systemd-timesyn      44487                          81                             0              
388      systemd-resolve      44487                          80                             0              
39       ksoftirqd/3          44487                          63                             0              
390      systemd-udevd        44487                          61                             0              
3959     update-notifier      44487                          63                             17             
397      psimon               44487                          63                             0              
4        kworker/R-rcu_gp     44487                          63                             0              
41       kworker/3:0H-events_highpri 44487                          63                             0              
42       kdevtmpfs            44487                          1                              0              
43       kworker/R-inet_frag_wq 44487                          63                             0              
44       kauditd              44487                          63                             0              
4471     snap                 44487                          63                             6              
45       khungtaskd           44487                          63                             0              
46       oom_reaper           44487                          63                             0              
49       kworker/R-writeback  44487                          63                             0              
5        kworker/R-sync_wq    44487                          63                             0              
50       kcompactd0           44487                          63                             0              
51       ksmd                 44487                          63                             0              
52       khugepaged           44487                          63                             0              
53       kworker/R-kintegrityd 44487                          63                             0              
54       kworker/R-kblockd    44487                          63                             0              
54933    kworker/u16:3-events_power_efficient 44487                          63                             0              
55       kworker/R-blkcg_punt_bio 44487                          63                             0              
55251    kworker/0:0-events   44487                          63                             0              
55387    kworker/3:2-events   44487                          63                             0              
55404    kworker/1:1-events   44487                          63                             0              
55472    Isolated Web Co      44487                          0                              44             
55479    Isolated Web Co      44487                          0                              44             
55773    Isolated Web Co      44487                          0                              44             
55787    Isolated Web Co      44487                          0                              44             
55789    Web Content          44487                          0                              43             
55864    Web Content          44487                          0                              43             
56       irq/9-acpi           44487                          63                             0              
56553    Web Content          44487                          0                              43             
56788    chrome               44487                          0                              55             
56799    chrome               44487                          0                              41             
56816    chrome               44487                          0                              32             
56880    kworker/u16:1-kvfree_rcu_reclaim 44487                          63                             0              
57969    kworker/u16:4-flush-8:0 44487                          63                             0              
59       kworker/R-tpm_dev_wq 44487                          63                             0              
6        kworker/R-kvfree_rcu_reclaim 44487                          63                             0              
60       kworker/R-ata_sff    44487                          63                             0              
607      kworker/R-kmemstick  44487                          63                             0              
61       kworker/R-md         44487                          63                             0              
62       kworker/R-md_bitmap  44487                          63                             0              
63       kworker/R-edac-poller 44487                          63                             0              
639      irq/31-mei_me        44487                          63                             0              
65       kworker/R-devfreq_wq 44487                          63                             0              
66       watchdogd            44487                          63                             0              
66758    kworker/0:3          44487                          63                             0              
668      kworker/R-cfg80211   44487                          63                             0              
66917    eog                  44487                          63                             19             
67       kworker/3:1H-i915_cleanup 44487                          63                             0              
67067    kworker/2:1          44487                          63                             0              
67150    kworker/3:1-cgroup_destroy 44487                          63                             0              
67152    kworker/u16:2-events_unbound 44487                          63                             0              
67398    kworker/1:0          44487                          63                             0              
69       kswapd0              44487                          63                             0              
69187    kworker/3:0          44487                          63                             0              
7        kworker/R-slub_flushwq 44487                          63                             0              
70       ecryptfs-kthread     44487                          63                             0              
71       kworker/R-kthrotld   44487                          63                             0              
72       kworker/R-acpi_thermal_pm 44487                          63                             0              
7361     fwupd                44487                          85                             0              
75       kworker/R-mld        44487                          63                             0              
75847    kworker/u16:0        44487                          63                             0              
76       kworker/R-ipv6_addrconf 44487                          63                             0              
76068    proc_monitor.sh      44487                          63                             9              
8        kworker/R-netns      44487                          63                             0              
8016     gvfsd-http           44487                          63                             7              
83       kworker/R-kstrp      44487                          63                             0              
86       kworker/u17:0-hci0   44487                          63                             0              
8720     gvfsd-recent         44487                          63                             8              
8729     gvfsd-network        44487                          63                             10             
8738     gvfsd-dnssd          44487                          63                             9              
8744     gvfsd-wsdd           44487                          63                             12             
8749     python3              44487                          63                             18             
9126     firefox              44487                          480                            258            
918      kworker/R-ttm        44487                          63                             0              
9186     crashhelper          44487                          480                            33             
923      card1-crtc0          44487                          63                             0              
924      card1-crtc1          44487                          63                             0              
925      card1-crtc2          44487                          63                             0              
926      kworker/R-cryptd     44487                          63                             0              
9269     forkserver           44487                          480                            10             
9274     Socket Process       44487                          0                              28             
9286     Privileged Cont      44487                          0                              44             
9296     RDD Process          44487                          0                              38             
9619     WebExtensions        44487                          0                              48             
9796     Utility Process      44487                          0                              27             
9804     Isolated Web Co      44487                          0                              45             
9809     Isolated Web Co      44487                          0                              44             
99       kworker/R-charger_manager 44487                          63                             0              
9985     Isolated Web Co      44487                          0                              55             
