[Sat 11 Oct 2025 06:24:59 PM MSK] Начинаю сканирование /proc...
1
10
100
10044
10137
10304
10638
11036
11073
11080
11081
11083
11085
11091
11092
11094
11123
11125
11136
11258
11270
11326
11394
11427
11535
11582
11595
11610
11639
11653
11836
11905
12566
12597
12653
12656
12678
12745
12747
12748
12762
12797
12829
12842
12880
12881
12906
12938
12981
13
13106
13628
13629
13824
13971
14
15
1515
1516
1520
1528
153
154
1541
1542
1543
1548
1550
1551
1554
1558
1572
1588
16
1620
1646
1647
168
17
170
171
172
1721
175
177
18
181
182
184
1845
1847
185
1850
1893
19
191
1911
192
1930
1933
1934
1970
1973
1976
199
2
20
200
2033
2084
2085
21
2132
22
2258
23
2303
24
25
26
2636
265
2659
266
2670
2671
2684
2685
2686
2690
2691
2692
2693
27
2741
2745
2752
2784
2801
2882
2886
29
2903
2915
2918
2948
2956
2962
2995
3
30
3011
3018
3031
3036
3039
3041
3045
3050
3051
3052
3055
3059
3062
3063
3067
3070
3073
3075
3097
31
3158
3159
3189
32
321
3212
3238
3250
3255
3257
3262
3280
3287
3292
3299
33
3311
3334
3357
3358
3415
342
3433
3462
3464
3477
3499
35
3532
3577
3583
36
3692
37
3707
3726
3752
38
380
388
39
390
3959
397
4
41
42
43
44
4471
45
46
49
5
50
51
52
53
54
55
56
59
6
60
607
61
62
63
639
65
66
668
67
69
7
70
71
72
7361
7380
75
76
8
8016
83
86
8720
8729
8738
8744
8749
9052
9109
9126
918
9186
923
924
925
926
9269
9274
9286
9296
9619
9796
9804
9809
99
9985
[Sat 11 Oct 2025 06:25:00 PM MSK] Сканирование завершено. Результат сохранён в proc_pids_20251011_182459.log
