PID      cmdline              environ_vars                   root                           fdinfo_count   
-----------------------------------------------------------------------------------------------------------
1        /sbin/init splash    0                                                             0              
10                            0                                                             0              
100                           0                                                             0              
10137    /snap/firefox/6966/usr/lib/f 188                            /proc/10139/fdinfo             43             
10304    /snap/telegram-desktop/6822/ 120                            /                              73             
11073    /opt/google/chrome/chrome 2122                           /                              319            
11080    cat                  61                             /                              6              
11081    cat                  61                             /                              6              
11083    /opt/google/chrome/chrome_cr 61                             /                              8              
11085    /opt/google/chrome/chrome_cr 61                             /                              6              
11091    /opt/google/chrome/chrome -- 2122                           /                              13             
11092    /opt/google/chrome/chrome -- 2162                           /proc/11093/fdinfo             13             
11094    /opt/google/chrome/chrome -- 2162                           /proc/11093/fdinfo             14             
11123    /opt/google/chrome/chrome -- 1681                           /                              127            
11125    /opt/google/chrome/chrome -- 2005                           /                              52             
11136    /opt/google/chrome/chrome -- 1757                           /proc/11093/fdinfo             46             
11258    /opt/google/chrome/chrome -- 1742                           /proc/11093/fdinfo             23             
11270    /opt/google/chrome/chrome -- 1646                           /proc/11093/fdinfo             42             
11326    /opt/google/chrome/chrome -- 1644                           /proc/11093/fdinfo             66             
11394    /opt/google/chrome/chrome -- 1644                           /proc/11093/fdinfo             67             
11427    /opt/google/chrome/chrome -- 1644                           /proc/11093/fdinfo             41             
11535    /opt/google/chrome/chrome -- 1645                           /proc/11093/fdinfo             39             
11582    /opt/google/chrome/chrome -- 1990                           /                              25             
11610    /opt/google/chrome/chrome -- 1645                           /proc/11093/fdinfo             72             
11639    /opt/google/chrome/chrome -- 1644                           /proc/11093/fdinfo             41             
11653    /opt/google/chrome/chrome -- 1645                           /proc/11093/fdinfo             46             
12745    /snap/code/210/usr/share/cod 103                            /                              139            
12747    /snap/code/210/usr/share/cod 103                            /                              12             
12748    /snap/code/210/usr/share/cod 103                            /                              12             
12762    /snap/code/210/usr/share/cod 105                            /                              6              
12797    /proc/self/exe --type=utilit 107                            /                              27             
12829    /snap/code/210/usr/share/cod 103                            /                              56             
12842    /proc/self/exe --type=gpu-pr 109                            /                              37             
12880    /proc/self/exe --type=utilit 99                             /                              45             
12881    /proc/self/exe --type=utilit 100                            /                              48             
12906    /proc/self/exe --type=utilit 105                            /                              65             
12938    /proc/self/exe --type=utilit 94                             /                              49             
12981    /usr/bin/bash --init-file /s 96                             /                              8              
13                            0                                                             0              
14                            0                                                             0              
15                            0                                                             0              
1515     avahi-daemon: running [4540s 0                                                             0              
1516     @dbus-daemon --system --addr 0                                                             0              
1520     /usr/libexec/gnome-remote-de 0                                                             0              
1528     /usr/lib/polkit-1/polkitd -- 0                                                             0              
153                           0                                                             0              
154                           0                                                             0              
1541     /usr/lib/snapd/snapd 0                                                             0              
1542     /usr/libexec/accounts-daemon 0                                                             0              
1543     /usr/libexec/switcheroo-cont 0                                                             0              
1548     /usr/lib/systemd/systemd-log 0                                                             0              
1550     /usr/lib/systemd/systemd-mac 0                                                             0              
1551     /usr/sbin/thermald --systemd 0                                                             0              
1554     /usr/libexec/udisks2/udisksd 0                                                             0              
1558     /usr/sbin/virtlockd  0                                                             0              
1572     /usr/sbin/virtlogd   0                                                             0              
1588     avahi-daemon: chroot helper 0                                                             0              
16                            0                                                             0              
1620     /usr/sbin/rsyslogd -n -iNONE 0                                                             0              
1646     /usr/sbin/NetworkManager --n 0                                                             0              
1647     /usr/sbin/wpa_supplicant -u  0                                                             0              
168                           0                                                             0              
17                            0                                                             0              
170                           0                                                             0              
171                           0                                                             0              
172                           0                                                             0              
1721     /usr/sbin/ModemManager 0                                                             0              
175                           0                                                             0              
177                           0                                                             0              
18                            0                                                             0              
181                           0                                                             0              
18141    /usr/libexec/gnome-terminal- 52                             /                              21             
18148    bash                 54                             /                              4              
182                           0                                                             0              
18223                         0                                                             0              
184                           0                                                             0              
1845                          0                                                             0              
18457                         0                                                             0              
18458                         0                                                             0              
1847     /usr/sbin/cupsd -l   0                                                             0              
185                           0                                                             0              
1850     /usr/bin/python3 /usr/share/ 0                                                             0              
18828    gjs /usr/share/gnome-shell/e 55                             /                              17             
18922    /snap/code/210/usr/share/cod 112                            /                              38             
1893     /usr/libexec/bluetooth/bluet 0                                                             0              
19                            0                                                             0              
19073    /usr/bin/ssh-agent -D -a /ru 0                                                             0              
191                           0                                                             0              
1911                          0                                                             0              
19118    /snap/code/210/usr/share/cod 112                            /                              39             
192                           0                                                             0              
1930     /usr/sbin/cups-browsed 0                                                             0              
1933     /usr/sbin/cron -f -P 0                                                             0              
1934     /usr/sbin/libvirtd --timeout 0                                                             0              
1970     /usr/sbin/gdm3       0                                                             0              
1973                          0                                                             0              
1976                          0                                                             0              
199                           0                                                             0              
2                             0                                                             0              
20                            0                                                             0              
200                           0                                                             0              
2033                          0                                                             0              
2084     /usr/sbin/dnsmasq --conf-fil 0                                                             0              
2085     /usr/sbin/dnsmasq --conf-fil 0                                                             0              
21                            0                                                             0              
2132     /usr/libexec/rtkit-daemon 0                                                             0              
22                            0                                                             0              
2258     /usr/libexec/colord  0                                                             0              
23                            0                                                             0              
2303     /usr/libexec/upowerd 0                                                             0              
24                            0                                                             0              
25                            0                                                             0              
26                            0                                                             0              
2636     /usr/libexec/power-profiles- 0                                                             0              
265                           0                                                             0              
2659     gdm-session-worker [pam/gdm- 0                                                             0              
266                           0                                                             0              
2670     /usr/lib/systemd/systemd --u 0                                                             0              
2671     (sd-pam)             0                                                             0              
2684     /usr/bin/mpris-proxy 19                             /                              6              
2685     /usr/bin/pipewire    22                             /                              80             
2686     /usr/bin/pipewire -c filter- 19                             /                              15             
2690     /usr/bin/wireplumber 20                             /                              63             
2691     /usr/bin/pipewire-pulse 22                             /                              46             
2692     /usr/bin/dbus-daemon --sessi 23                             /                              488            
2693     /usr/bin/gnome-keyring-daemo 22                             /                              15             
27                            0                                                             0              
2741     /usr/libexec/xdg-document-po 19                             /                              15             
2745     /usr/libexec/xdg-permission- 19                             /                              7              
2752     fusermount3 -o rw,nosuid,nod 0                                                             0              
2784     /usr/libexec/gdm-wayland-ses 29                             /                              9              
2801     /usr/libexec/gnome-session-b 40                             /                              8              
28627                         0                                                             0              
2882     /usr/libexec/gcr-ssh-agent - 46                             /                              6              
2886     /usr/libexec/gnome-session-c 44                             /                              6              
29                            0                                                             0              
2903     /usr/libexec/gvfsd   43                             /                              15             
2915     /usr/libexec/gvfsd-fuse /run 43                             /                              10             
2918     /usr/libexec/gnome-session-b 44                             /                              21             
2948     /usr/libexec/at-spi-bus-laun 51                             /                              11             
2956     /usr/bin/gnome-shell 49                             /                              149            
2962     /usr/bin/dbus-daemon --confi 51                             /                              83             
2995     /usr/libexec/at-spi2-registr 51                             /                              10             
3                             0                                                             0              
30                            0                                                             0              
3011     /usr/libexec/gnome-shell-cal 54                             /                              10             
3018     /usr/libexec/evolution-sourc 52                             /                              9              
3031     /usr/bin/gjs -m /usr/share/g 54                             /                              8              
3036     /usr/bin/ibus-daemon --panel 52                             /                              18             
3039     /usr/libexec/gsd-a11y-settin 52                             /                              8              
3041     /usr/libexec/gsd-color 52                             /                              15             
3045     /usr/libexec/gsd-datetime 52                             /                              8              
3050     /usr/libexec/goa-daemon 54                             /                              12             
3051     /usr/libexec/gsd-housekeepin 52                             /                              12             
3052     /usr/libexec/gsd-keyboard 52                             /                              15             
3055     /usr/libexec/gsd-media-keys 52                             /                              20             
3059     /usr/libexec/gsd-power 52                             /                              21             
3062     /usr/libexec/gsd-print-notif 52                             /                              9              
3063     /usr/libexec/gsd-rfkill 52                             /                              10             
3067     /usr/libexec/gsd-screensaver 52                             /                              7              
3070     /usr/libexec/gsd-sharing 52                             /                              9              
3073     /usr/libexec/gsd-smartcard 52                             /                              8              
3075     /usr/libexec/gsd-disk-utilit 55                             /                              8              
3097     /usr/libexec/evolution-data- 55                             /                              16             
31                            0                                                             0              
3158     /usr/libexec/gsd-sound 52                             /                              9              
3159     /usr/libexec/gsd-wacom 52                             /                              13             
3189     /usr/libexec/goa-identity-se 54                             /                              8              
32                            0                                                             0              
321      /usr/lib/systemd/systemd-jou 0                                                             0              
3212     /usr/libexec/gvfs-udisks2-vo 52                             /                              14             
3238     /usr/libexec/gsd-printer 52                             /                              8              
3250     /usr/libexec/evolution-calen 52                             /                              13             
3255     /usr/libexec/ibus-memconf 52                             /                              9              
3257     /usr/libexec/ibus-extension- 52                             /                              15             
3262     /usr/libexec/ibus-portal 54                             /                              9              
3280     /usr/libexec/gvfs-goa-volume 52                             /                              7              
3287     /usr/libexec/gvfs-mtp-volume 52                             /                              8              
3292     /usr/libexec/evolution-addre 52                             /                              13             
3299     /usr/libexec/gvfs-afc-volume 52                             /                              8              
33                            0                                                             0              
3311     /usr/libexec/gvfs-gphoto2-vo 52                             /                              8              
3334     /usr/libexec/ibus-engine-sim 52                             /                              9              
3357     /usr/libexec/dconf-service 52                             /                              7              
3358     /snap/snapd-desktop-integrat 111                            /                              3              
3415     /snap/snapd-desktop-integrat 111                            /                              14             
342      /usr/lib/systemd/systemd-oom 0                                                             0              
3433     /usr/libexec/gvfsd-trash --s 43                             /                              14             
3462     /usr/libexec/xdg-desktop-por 52                             /                              32             
3464     /usr/libexec/localsearch-3 52                             /                              55             
3477     /usr/libexec/xdg-desktop-por 52                             /                              13             
3499     /usr/bin/gjs -m /usr/share/g 54                             /                              8              
35                            0                                                             0              
3577     /usr/libexec/xdg-desktop-por 52                             /                              16             
3583     /usr/libexec/gvfsd-metadata 52                             /                              10             
36                            0                                                             0              
3692     /usr/bin/Xwayland :0 -rootle 55                             /                              26             
37                            0                                                             0              
3707     /usr/libexec/gsd-xsettings 52                             /                              19             
3726     /usr/libexec/mutter-x11-fram 54                             /                              13             
3752     /usr/libexec/ibus-x11 52                             /                              10             
38                            0                                                             0              
380      /usr/lib/systemd/systemd-tim 0                                                             0              
388      /usr/lib/systemd/systemd-res 0                                                             0              
39                            0                                                             0              
390      /usr/lib/systemd/systemd-ude 0                                                             0              
3959     /usr/bin/update-notifier 55                             /                              17             
397                           0                                                             0              
4                             0                                                             0              
41                            0                                                             0              
42                            0                                                             0              
43                            0                                                             0              
44                            0                                                             0              
4471     /usr/bin/snap userd  54                             /                              6              
45                            0                                                             0              
46                            0                                                             0              
49                            0                                                             0              
5                             0                                                             0              
50                            0                                                             0              
51                            0                                                             0              
52                            0                                                             0              
53                            0                                                             0              
54                            0                                                             0              
54933                         0                                                             0              
55                            0                                                             0              
55251                         0                                                             0              
55387                         0                                                             0              
55404                         0                                                             0              
55472    /snap/firefox/6966/usr/lib/f 188                            /proc/55474/fdinfo             44             
55479    /snap/firefox/6966/usr/lib/f 188                            /proc/55480/fdinfo             44             
55773    /snap/firefox/6966/usr/lib/f 188                            /proc/55774/fdinfo             44             
55787    /snap/firefox/6966/usr/lib/f 188                            /proc/55788/fdinfo             44             
55789    /snap/firefox/6966/usr/lib/f 188                            /proc/55796/fdinfo             43             
55864    /snap/firefox/6966/usr/lib/f 188                            /proc/55866/fdinfo             43             
56                            0                                                             0              
56553    /snap/firefox/6966/usr/lib/f 188                            /proc/56554/fdinfo             43             
56788    /opt/google/chrome/chrome -- 1641                           /proc/11093/fdinfo             55             
56799    /opt/google/chrome/chrome -- 1643                           /proc/11093/fdinfo             41             
56816    /opt/google/chrome/chrome -- 1643                           /proc/11093/fdinfo             32             
56880                         0                                                             0              
57969                         0                                                             0              
59                            0                                                             0              
6                             0                                                             0              
60                            0                                                             0              
607                           0                                                             0              
61                            0                                                             0              
62                            0                                                             0              
63                            0                                                             0              
639                           0                                                             0              
65                            0                                                             0              
66                            0                                                             0              
66758                         0                                                             0              
668                           0                                                             0              
66917    /usr/bin/eog /home/dima/Pict 58                             /                              19             
67                            0                                                             0              
67067                         0                                                             0              
67152                         0                                                             0              
67398                         0                                                             0              
69                            0                                                             0              
69187                         0                                                             0              
7                             0                                                             0              
70                            0                                                             0              
71                            0                                                             0              
72                            0                                                             0              
7361     /usr/libexec/fwupd/fwupd 0                                                             0              
75                            0                                                             0              
76                            0                                                             0              
8                             0                                                             0              
8016     /usr/libexec/gvfsd-http --sp 43                             /                              7              
83                            0                                                             0              
84654    /opt/google/chrome/chrome -- 1623                           /proc/11093/fdinfo             38             
84726    /bin/bash ./proc_monitor.sh  95                             /                              9              
86                            0                                                             0              
8720     /usr/libexec/gvfsd-recent -- 43                             /                              8              
8729     /usr/libexec/gvfsd-network - 43                             /                              10             
8738     /usr/libexec/gvfsd-dnssd --s 43                             /                              9              
8744     /usr/libexec/gvfsd-wsdd --sp 43                             /                              12             
8749     python3 /usr/bin/wsdd --no-h 44                             /                              18             
9126     /snap/firefox/6966/usr/lib/f 123                            /                              262            
918                           0                                                             0              
9186     /snap/firefox/6966/usr/lib/f 125                            /                              33             
923                           0                                                             0              
924                           0                                                             0              
925                           0                                                             0              
926                           0                                                             0              
9269     /snap/firefox/6966/usr/lib/f 139                            /                              10             
9274     /snap/firefox/6966/usr/lib/f 163                            /proc/9275/fdinfo              28             
9286     /snap/firefox/6966/usr/lib/f 189                            /proc/9287/fdinfo              44             
9296     /snap/firefox/6966/usr/lib/f 142                            /proc/9297/fdinfo              38             
9619     /snap/firefox/6966/usr/lib/f 189                            /proc/9621/fdinfo              48             
9796     /snap/firefox/6966/usr/lib/f 144                            /proc/9797/fdinfo              27             
9804     /snap/firefox/6966/usr/lib/f 189                            /proc/9805/fdinfo              45             
9809     /snap/firefox/6966/usr/lib/f 189                            /proc/9811/fdinfo              44             
99                            0                                                             0              
9985     /snap/firefox/6966/usr/lib/f 189                            /proc/9986/fdinfo              55             
