[Wed Oct 15 11:49:13 AM MSK 2025] Начинаю сканирование /proc...
1
10
100
101
13
14
15
1538
1539
154
1543
1547
1553
1556
1561
1565
1566
1568
1571
1573
1574
1586
16
1630
1638
165
1652
167
17
172
1721
173
174
175
177
178
18
184
185
1869
187
1871
1874
1877
188
1887
189
19
190
1917
193
1932
1946
1970
1971
1974
1975
2
20
2011
2020
2026
21
2137
2138
22
2293
23
24
24943
24948
24950
24978
24983
24989
24997
25
25017
25095
25161
25193
25237
25286
25298
25316
2532
25388
25455
25498
25519
25523
2575
26
263
264
27
29
2914
2959
2966
2967
2980
2981
2982
2986
2987
2988
2989
3
30
3031
3042
3049
3084
3094
31
3170
3171
319
3192
32
3205
3208
3242
32525
3255
3256
32667
32756
32761
32776
32786
32812
32847
3290
33
3306
3313
3325
333
33304
33313
33317
3338
3339
3341
3342
3345
3347
33493
3353
3354
33570
3358
33609
3372
3387
3403
3415
3421
3422
3423
3437
3438
3443
3469
35
3510
3517
3529
3531
3561
357
3577
3582
3592
36
3600
3609
3625
3632
3638
37
3713
3734
3755
3767
3785
3787
38
3818
3859
3866
387
388
39
3923
396
4
41
42
43
44
45
46
47
48
49
5
50
51
52
53
54
55
55751
56
57
571
58
59
6
60
62
629
63
64
642
65
66
67
68
69
7
70
70326
71
71072
71073
71074
72
75
76
77
8
84
85
87
872
916
920
921
922
923
[Wed Oct 15 11:49:14 AM MSK 2025] Сканирование завершено. Результат сохранён в proc_pids_20251015_114913.log
