[2025-10-11T21:44:46+03:00] Сбор группы: resources
[2025-10-11T21:44:46+03:00] === PID: 1 ===
[2025-10-11T21:44:46+03:00] Name: systemd
[2025-10-11T21:44:46+03:00] Max processes: 44487
[2025-10-11T21:44:46+03:00] mounts: 63 точек
[2025-10-11T21:44:46+03:00] fd: 0 дескрипторов
[2025-10-11T21:44:46+03:00] 
[2025-10-11T21:44:46+03:00] === PID: 10 ===
[2025-10-11T21:44:46+03:00] Name: kworker/0:0H-events_highpri
[2025-10-11T21:44:46+03:00] Max processes: 44487
[2025-10-11T21:44:46+03:00] mounts: 63 точек
[2025-10-11T21:44:46+03:00] fd: 0 дескрипторов
[2025-10-11T21:44:46+03:00] 
[2025-10-11T21:44:46+03:00] === PID: 100 ===
[2025-10-11T21:44:46+03:00] Name: kworker/0:1H-kblockd
[2025-10-11T21:44:46+03:00] Max processes: 44487
[2025-10-11T21:44:46+03:00] mounts: 63 точек
[2025-10-11T21:44:46+03:00] fd: 0 дескрипторов
[2025-10-11T21:44:46+03:00] 
[2025-10-11T21:44:46+03:00] === PID: 10044 ===
[2025-10-11T21:44:46+03:00] Name: Web Content
[2025-10-11T21:44:46+03:00] Max processes: 44487
[2025-10-11T21:44:46+03:00] mounts: 0 точек
[2025-10-11T21:44:46+03:00] fd: 43 дескрипторов
[2025-10-11T21:44:46+03:00] 
[2025-10-11T21:44:46+03:00] === PID: 10137 ===
[2025-10-11T21:44:46+03:00] Name: Web Content
[2025-10-11T21:44:46+03:00] Max processes: 44487
[2025-10-11T21:44:46+03:00] mounts: 0 точек
[2025-10-11T21:44:46+03:00] fd: 43 дескрипторов
[2025-10-11T21:44:46+03:00] 
[2025-10-11T21:44:46+03:00] === PID: 10304 ===
[2025-10-11T21:44:46+03:00] Name: telegram-deskto
[2025-10-11T21:44:46+03:00] Max processes: 44487
[2025-10-11T21:44:46+03:00] mounts: 1318 точек
[2025-10-11T21:44:46+03:00] fd: 73 дескрипторов
[2025-10-11T21:44:46+03:00] 
[2025-10-11T21:44:46+03:00] === PID: 11073 ===
[2025-10-11T21:44:46+03:00] Name: chrome
[2025-10-11T21:44:46+03:00] Max processes: 44487
[2025-10-11T21:44:46+03:00] mounts: 63 точек
[2025-10-11T21:44:46+03:00] fd: 302 дескрипторов
[2025-10-11T21:44:46+03:00] 
[2025-10-11T21:44:46+03:00] === PID: 11080 ===
[2025-10-11T21:44:46+03:00] Name: cat
[2025-10-11T21:44:46+03:00] Max processes: 44487
[2025-10-11T21:44:46+03:00] mounts: 63 точек
[2025-10-11T21:44:46+03:00] fd: 6 дескрипторов
[2025-10-11T21:44:46+03:00] 
[2025-10-11T21:44:46+03:00] === PID: 11081 ===
[2025-10-11T21:44:46+03:00] Name: cat
[2025-10-11T21:44:46+03:00] Max processes: 44487
[2025-10-11T21:44:46+03:00] mounts: 63 точек
[2025-10-11T21:44:46+03:00] fd: 6 дескрипторов
[2025-10-11T21:44:46+03:00] 
[2025-10-11T21:44:46+03:00] === PID: 11083 ===
[2025-10-11T21:44:46+03:00] Name: chrome_crashpad
[2025-10-11T21:44:46+03:00] Max processes: 44487
[2025-10-11T21:44:46+03:00] mounts: 63 точек
[2025-10-11T21:44:46+03:00] fd: 8 дескрипторов
[2025-10-11T21:44:46+03:00] 
[2025-10-11T21:44:46+03:00] === PID: 11085 ===
[2025-10-11T21:44:46+03:00] Name: chrome_crashpad
[2025-10-11T21:44:46+03:00] Max processes: 44487
[2025-10-11T21:44:46+03:00] mounts: 63 точек
[2025-10-11T21:44:46+03:00] fd: 6 дескрипторов
[2025-10-11T21:44:46+03:00] 
[2025-10-11T21:44:46+03:00] === PID: 11091 ===
[2025-10-11T21:44:46+03:00] Name: chrome
[2025-10-11T21:44:46+03:00] Max processes: 44487
[2025-10-11T21:44:46+03:00] mounts: 63 точек
[2025-10-11T21:44:46+03:00] fd: 13 дескрипторов
[2025-10-11T21:44:46+03:00] 
[2025-10-11T21:44:46+03:00] === PID: 11092 ===
[2025-10-11T21:44:46+03:00] Name: chrome
[2025-10-11T21:44:46+03:00] Max processes: 44487
[2025-10-11T21:44:46+03:00] mounts: 0 точек
[2025-10-11T21:44:46+03:00] fd: 13 дескрипторов
[2025-10-11T21:44:46+03:00] 
[2025-10-11T21:44:46+03:00] === PID: 11094 ===
[2025-10-11T21:44:46+03:00] Name: chrome
[2025-10-11T21:44:46+03:00] Max processes: 44487
[2025-10-11T21:44:46+03:00] mounts: 0 точек
[2025-10-11T21:44:46+03:00] fd: 14 дескрипторов
[2025-10-11T21:44:46+03:00] 
[2025-10-11T21:44:46+03:00] === PID: 11123 ===
[2025-10-11T21:44:46+03:00] Name: chrome
[2025-10-11T21:44:46+03:00] Max processes: 44487
[2025-10-11T21:44:46+03:00] mounts: 63 точек
[2025-10-11T21:44:46+03:00] fd: 98 дескрипторов
[2025-10-11T21:44:46+03:00] 
[2025-10-11T21:44:46+03:00] === PID: 11125 ===
[2025-10-11T21:44:46+03:00] Name: chrome
[2025-10-11T21:44:46+03:00] Max processes: 44487
[2025-10-11T21:44:46+03:00] mounts: 63 точек
[2025-10-11T21:44:46+03:00] fd: 45 дескрипторов
[2025-10-11T21:44:46+03:00] 
[2025-10-11T21:44:46+03:00] === PID: 11136 ===
[2025-10-11T21:44:46+03:00] Name: chrome
[2025-10-11T21:44:46+03:00] Max processes: 44487
[2025-10-11T21:44:46+03:00] mounts: 0 точек
[2025-10-11T21:44:46+03:00] fd: 43 дескрипторов
[2025-10-11T21:44:46+03:00] 
[2025-10-11T21:44:46+03:00] === PID: 11258 ===
[2025-10-11T21:44:46+03:00] Name: chrome
[2025-10-11T21:44:46+03:00] Max processes: 44487
[2025-10-11T21:44:46+03:00] mounts: 0 точек
[2025-10-11T21:44:46+03:00] fd: 23 дескрипторов
[2025-10-11T21:44:46+03:00] 
[2025-10-11T21:44:46+03:00] === PID: 11270 ===
[2025-10-11T21:44:46+03:00] Name: chrome
[2025-10-11T21:44:46+03:00] Max processes: 44487
[2025-10-11T21:44:46+03:00] mounts: 0 точек
[2025-10-11T21:44:46+03:00] fd: 42 дескрипторов
[2025-10-11T21:44:46+03:00] 
[2025-10-11T21:44:46+03:00] === PID: 11326 ===
[2025-10-11T21:44:46+03:00] Name: chrome
[2025-10-11T21:44:46+03:00] Max processes: 44487
[2025-10-11T21:44:46+03:00] mounts: 0 точек
[2025-10-11T21:44:46+03:00] fd: 66 дескрипторов
[2025-10-11T21:44:46+03:00] 
[2025-10-11T21:44:46+03:00] === PID: 11394 ===
[2025-10-11T21:44:46+03:00] Name: chrome
[2025-10-11T21:44:46+03:00] Max processes: 44487
[2025-10-11T21:44:46+03:00] mounts: 0 точек
[2025-10-11T21:44:46+03:00] fd: 66 дескрипторов
[2025-10-11T21:44:46+03:00] 
[2025-10-11T21:44:46+03:00] === PID: 11427 ===
[2025-10-11T21:44:46+03:00] Name: chrome
[2025-10-11T21:44:46+03:00] Max processes: 44487
[2025-10-11T21:44:47+03:00] mounts: 0 точек
[2025-10-11T21:44:47+03:00] fd: 41 дескрипторов
[2025-10-11T21:44:47+03:00] 
[2025-10-11T21:44:47+03:00] === PID: 11535 ===
[2025-10-11T21:44:47+03:00] Name: chrome
[2025-10-11T21:44:47+03:00] Max processes: 44487
[2025-10-11T21:44:47+03:00] mounts: 0 точек
[2025-10-11T21:44:47+03:00] fd: 39 дескрипторов
[2025-10-11T21:44:47+03:00] 
[2025-10-11T21:44:47+03:00] === PID: 11582 ===
[2025-10-11T21:44:47+03:00] Name: chrome
[2025-10-11T21:44:47+03:00] Max processes: 44487
[2025-10-11T21:44:47+03:00] mounts: 63 точек
[2025-10-11T21:44:47+03:00] fd: 25 дескрипторов
[2025-10-11T21:44:47+03:00] 
[2025-10-11T21:44:47+03:00] === PID: 11610 ===
[2025-10-11T21:44:47+03:00] Name: chrome
[2025-10-11T21:44:47+03:00] Max processes: 44487
[2025-10-11T21:44:47+03:00] mounts: 0 точек
[2025-10-11T21:44:47+03:00] fd: 68 дескрипторов
[2025-10-11T21:44:47+03:00] 
[2025-10-11T21:44:47+03:00] === PID: 11639 ===
[2025-10-11T21:44:47+03:00] Name: chrome
[2025-10-11T21:44:47+03:00] Max processes: 44487
[2025-10-11T21:44:47+03:00] mounts: 0 точек
[2025-10-11T21:44:47+03:00] fd: 41 дескрипторов
[2025-10-11T21:44:47+03:00] 
[2025-10-11T21:44:47+03:00] === PID: 11653 ===
[2025-10-11T21:44:47+03:00] Name: chrome
[2025-10-11T21:44:47+03:00] Max processes: 44487
[2025-10-11T21:44:47+03:00] mounts: 0 точек
[2025-10-11T21:44:47+03:00] fd: 48 дескрипторов
[2025-10-11T21:44:47+03:00] 
[2025-10-11T21:44:47+03:00] === PID: 12745 ===
[2025-10-11T21:44:47+03:00] Name: code
[2025-10-11T21:44:47+03:00] Max processes: 44487
[2025-10-11T21:44:47+03:00] mounts: 63 точек
[2025-10-11T21:44:47+03:00] fd: 139 дескрипторов
[2025-10-11T21:44:47+03:00] 
[2025-10-11T21:44:47+03:00] === PID: 12747 ===
[2025-10-11T21:44:47+03:00] Name: code
[2025-10-11T21:44:47+03:00] Max processes: 44487
[2025-10-11T21:44:47+03:00] mounts: 63 точек
[2025-10-11T21:44:47+03:00] fd: 12 дескрипторов
[2025-10-11T21:44:47+03:00] 
[2025-10-11T21:44:47+03:00] === PID: 12748 ===
[2025-10-11T21:44:47+03:00] Name: code
[2025-10-11T21:44:47+03:00] Max processes: 44487
[2025-10-11T21:44:47+03:00] mounts: 63 точек
[2025-10-11T21:44:47+03:00] fd: 12 дескрипторов
[2025-10-11T21:44:47+03:00] 
[2025-10-11T21:44:47+03:00] === PID: 12762 ===
[2025-10-11T21:44:47+03:00] Name: chrome_crashpad
[2025-10-11T21:44:47+03:00] Max processes: 44487
[2025-10-11T21:44:47+03:00] mounts: 63 точек
[2025-10-11T21:44:47+03:00] fd: 6 дескрипторов
[2025-10-11T21:44:47+03:00] 
[2025-10-11T21:44:47+03:00] === PID: 12797 ===
[2025-10-11T21:44:47+03:00] Name: code
[2025-10-11T21:44:47+03:00] Max processes: 44487
[2025-10-11T21:44:47+03:00] mounts: 63 точек
[2025-10-11T21:44:47+03:00] fd: 27 дескрипторов
[2025-10-11T21:44:47+03:00] 
[2025-10-11T21:44:47+03:00] === PID: 12829 ===
[2025-10-11T21:44:47+03:00] Name: code
[2025-10-11T21:44:47+03:00] Max processes: 44487
[2025-10-11T21:44:47+03:00] mounts: 63 точек
[2025-10-11T21:44:47+03:00] fd: 56 дескрипторов
[2025-10-11T21:44:47+03:00] 
[2025-10-11T21:44:47+03:00] === PID: 12842 ===
[2025-10-11T21:44:47+03:00] Name: code
[2025-10-11T21:44:47+03:00] Max processes: 44487
[2025-10-11T21:44:47+03:00] mounts: 63 точек
[2025-10-11T21:44:47+03:00] fd: 36 дескрипторов
[2025-10-11T21:44:47+03:00] 
[2025-10-11T21:44:47+03:00] === PID: 12880 ===
[2025-10-11T21:44:47+03:00] Name: code
[2025-10-11T21:44:47+03:00] Max processes: 44487
[2025-10-11T21:44:47+03:00] mounts: 63 точек
[2025-10-11T21:44:47+03:00] fd: 45 дескрипторов
[2025-10-11T21:44:47+03:00] 
[2025-10-11T21:44:47+03:00] === PID: 12881 ===
[2025-10-11T21:44:47+03:00] Name: code
[2025-10-11T21:44:47+03:00] Max processes: 44487
[2025-10-11T21:44:47+03:00] mounts: 63 точек
[2025-10-11T21:44:47+03:00] fd: 48 дескрипторов
[2025-10-11T21:44:47+03:00] 
[2025-10-11T21:44:47+03:00] === PID: 12906 ===
[2025-10-11T21:44:47+03:00] Name: code
[2025-10-11T21:44:47+03:00] Max processes: 44487
[2025-10-11T21:44:47+03:00] mounts: 63 точек
[2025-10-11T21:44:47+03:00] fd: 65 дескрипторов
[2025-10-11T21:44:47+03:00] 
[2025-10-11T21:44:47+03:00] === PID: 12938 ===
[2025-10-11T21:44:47+03:00] Name: code
[2025-10-11T21:44:47+03:00] Max processes: 44487
[2025-10-11T21:44:47+03:00] mounts: 63 точек
[2025-10-11T21:44:47+03:00] fd: 49 дескрипторов
[2025-10-11T21:44:47+03:00] 
[2025-10-11T21:44:47+03:00] === PID: 12981 ===
[2025-10-11T21:44:47+03:00] Name: bash
[2025-10-11T21:44:47+03:00] Max processes: 44487
[2025-10-11T21:44:47+03:00] mounts: 63 точек
[2025-10-11T21:44:47+03:00] fd: 8 дескрипторов
[2025-10-11T21:44:47+03:00] 
[2025-10-11T21:44:47+03:00] === PID: 13 ===
[2025-10-11T21:44:47+03:00] Name: kworker/R-mm_percpu_wq
[2025-10-11T21:44:47+03:00] Max processes: 44487
[2025-10-11T21:44:47+03:00] mounts: 63 точек
[2025-10-11T21:44:47+03:00] fd: 0 дескрипторов
[2025-10-11T21:44:47+03:00] 
[2025-10-11T21:44:47+03:00] === PID: 14 ===
[2025-10-11T21:44:47+03:00] Name: rcu_tasks_kthread
[2025-10-11T21:44:47+03:00] Max processes: 44487
[2025-10-11T21:44:47+03:00] mounts: 63 точек
[2025-10-11T21:44:47+03:00] fd: 0 дескрипторов
[2025-10-11T21:44:47+03:00] 
[2025-10-11T21:44:47+03:00] === PID: 14848 ===
[2025-10-11T21:44:47+03:00] Name: kworker/0:0-events
[2025-10-11T21:44:47+03:00] Max processes: 44487
[2025-10-11T21:44:47+03:00] mounts: 63 точек
[2025-10-11T21:44:47+03:00] fd: 0 дескрипторов
[2025-10-11T21:44:47+03:00] 
[2025-10-11T21:44:47+03:00] === PID: 15 ===
[2025-10-11T21:44:47+03:00] Name: rcu_tasks_rude_kthread
[2025-10-11T21:44:47+03:00] Max processes: 44487
[2025-10-11T21:44:47+03:00] mounts: 63 точек
[2025-10-11T21:44:47+03:00] fd: 0 дескрипторов
[2025-10-11T21:44:47+03:00] 
[2025-10-11T21:44:47+03:00] === PID: 1515 ===
[2025-10-11T21:44:47+03:00] Name: avahi-daemon
[2025-10-11T21:44:47+03:00] Max processes: 44487
[2025-10-11T21:44:47+03:00] mounts: 0 точек
[2025-10-11T21:44:47+03:00] fd: 0 дескрипторов
[2025-10-11T21:44:47+03:00] 
[2025-10-11T21:44:47+03:00] === PID: 1516 ===
[2025-10-11T21:44:47+03:00] Name: dbus-daemon
[2025-10-11T21:44:47+03:00] Max processes: 44487
[2025-10-11T21:44:47+03:00] mounts: 63 точек
[2025-10-11T21:44:47+03:00] fd: 0 дескрипторов
[2025-10-11T21:44:47+03:00] 
[2025-10-11T21:44:47+03:00] === PID: 1520 ===
[2025-10-11T21:44:47+03:00] Name: gnome-remote-de
[2025-10-11T21:44:47+03:00] Max processes: 44487
[2025-10-11T21:44:47+03:00] mounts: 63 точек
[2025-10-11T21:44:47+03:00] fd: 0 дескрипторов
[2025-10-11T21:44:47+03:00] 
[2025-10-11T21:44:47+03:00] === PID: 1528 ===
[2025-10-11T21:44:47+03:00] Name: polkitd
[2025-10-11T21:44:47+03:00] Max processes: 44487
[2025-10-11T21:44:47+03:00] mounts: 85 точек
[2025-10-11T21:44:47+03:00] fd: 0 дескрипторов
[2025-10-11T21:44:47+03:00] 
[2025-10-11T21:44:47+03:00] === PID: 153 ===
[2025-10-11T21:44:47+03:00] Name: kworker/2:1H-i915_cleanup
[2025-10-11T21:44:47+03:00] Max processes: 44487
[2025-10-11T21:44:47+03:00] mounts: 63 точек
[2025-10-11T21:44:47+03:00] fd: 0 дескрипторов
[2025-10-11T21:44:47+03:00] 
[2025-10-11T21:44:47+03:00] === PID: 154 ===
[2025-10-11T21:44:47+03:00] Name: kworker/1:1H-kblockd
[2025-10-11T21:44:47+03:00] Max processes: 44487
[2025-10-11T21:44:47+03:00] mounts: 63 точек
[2025-10-11T21:44:47+03:00] fd: 0 дескрипторов
[2025-10-11T21:44:47+03:00] 
[2025-10-11T21:44:47+03:00] === PID: 1541 ===
[2025-10-11T21:44:47+03:00] Name: snapd
[2025-10-11T21:44:47+03:00] Max processes: 44487
[2025-10-11T21:44:47+03:00] mounts: 63 точек
[2025-10-11T21:44:47+03:00] fd: 0 дескрипторов
[2025-10-11T21:44:47+03:00] 
[2025-10-11T21:44:47+03:00] === PID: 1542 ===
[2025-10-11T21:44:47+03:00] Name: accounts-daemon
[2025-10-11T21:44:47+03:00] Max processes: 44487
[2025-10-11T21:44:47+03:00] mounts: 83 точек
[2025-10-11T21:44:47+03:00] fd: 0 дескрипторов
[2025-10-11T21:44:47+03:00] 
[2025-10-11T21:44:47+03:00] === PID: 1543 ===
[2025-10-11T21:44:47+03:00] Name: switcheroo-cont
[2025-10-11T21:44:47+03:00] Max processes: 44487
[2025-10-11T21:44:48+03:00] mounts: 64 точек
[2025-10-11T21:44:48+03:00] fd: 0 дескрипторов
[2025-10-11T21:44:48+03:00] 
[2025-10-11T21:44:48+03:00] === PID: 1548 ===
[2025-10-11T21:44:48+03:00] Name: systemd-logind
[2025-10-11T21:44:48+03:00] Max processes: 44487
[2025-10-11T21:44:48+03:00] mounts: 75 точек
[2025-10-11T21:44:48+03:00] fd: 0 дескрипторов
[2025-10-11T21:44:48+03:00] 
[2025-10-11T21:44:48+03:00] === PID: 1550 ===
[2025-10-11T21:44:48+03:00] Name: systemd-machine
[2025-10-11T21:44:48+03:00] Max processes: 44487
[2025-10-11T21:44:48+03:00] mounts: 63 точек
[2025-10-11T21:44:48+03:00] fd: 0 дескрипторов
[2025-10-11T21:44:48+03:00] 
[2025-10-11T21:44:48+03:00] === PID: 1551 ===
[2025-10-11T21:44:48+03:00] Name: thermald
[2025-10-11T21:44:48+03:00] Max processes: 44487
[2025-10-11T21:44:48+03:00] mounts: 63 точек
[2025-10-11T21:44:48+03:00] fd: 0 дескрипторов
[2025-10-11T21:44:48+03:00] 
[2025-10-11T21:44:48+03:00] === PID: 1554 ===
[2025-10-11T21:44:48+03:00] Name: udisksd
[2025-10-11T21:44:48+03:00] Max processes: 44487
[2025-10-11T21:44:48+03:00] mounts: 63 точек
[2025-10-11T21:44:48+03:00] fd: 0 дескрипторов
[2025-10-11T21:44:48+03:00] 
[2025-10-11T21:44:48+03:00] === PID: 1558 ===
[2025-10-11T21:44:48+03:00] Name: virtlockd
[2025-10-11T21:44:48+03:00] Max processes: 44487
[2025-10-11T21:44:48+03:00] mounts: 63 точек
[2025-10-11T21:44:48+03:00] fd: 0 дескрипторов
[2025-10-11T21:44:48+03:00] 
[2025-10-11T21:44:48+03:00] === PID: 1572 ===
[2025-10-11T21:44:48+03:00] Name: virtlogd
[2025-10-11T21:44:48+03:00] Max processes: 44487
[2025-10-11T21:44:48+03:00] mounts: 76 точек
[2025-10-11T21:44:48+03:00] fd: 0 дескрипторов
[2025-10-11T21:44:48+03:00] 
[2025-10-11T21:44:48+03:00] === PID: 1588 ===
[2025-10-11T21:44:48+03:00] Name: avahi-daemon
[2025-10-11T21:44:48+03:00] Max processes: 44487
[2025-10-11T21:44:48+03:00] mounts: 63 точек
[2025-10-11T21:44:48+03:00] fd: 0 дескрипторов
[2025-10-11T21:44:48+03:00] 
[2025-10-11T21:44:48+03:00] === PID: 16 ===
[2025-10-11T21:44:48+03:00] Name: rcu_tasks_trace_kthread
[2025-10-11T21:44:48+03:00] Max processes: 44487
[2025-10-11T21:44:48+03:00] mounts: 63 точек
[2025-10-11T21:44:48+03:00] fd: 0 дескрипторов
[2025-10-11T21:44:48+03:00] 
[2025-10-11T21:44:48+03:00] === PID: 1620 ===
[2025-10-11T21:44:48+03:00] Name: rsyslogd
[2025-10-11T21:44:48+03:00] Max processes: 44487
[2025-10-11T21:44:48+03:00] mounts: 63 точек
[2025-10-11T21:44:48+03:00] fd: 0 дескрипторов
[2025-10-11T21:44:48+03:00] 
[2025-10-11T21:44:48+03:00] === PID: 1646 ===
[2025-10-11T21:44:48+03:00] Name: NetworkManager
[2025-10-11T21:44:48+03:00] Max processes: 44487
[2025-10-11T21:44:48+03:00] mounts: 68 точек
[2025-10-11T21:44:48+03:00] fd: 0 дескрипторов
[2025-10-11T21:44:48+03:00] 
[2025-10-11T21:44:48+03:00] === PID: 1647 ===
[2025-10-11T21:44:48+03:00] Name: wpa_supplicant
[2025-10-11T21:44:48+03:00] Max processes: 44487
[2025-10-11T21:44:48+03:00] mounts: 63 точек
[2025-10-11T21:44:48+03:00] fd: 0 дескрипторов
[2025-10-11T21:44:48+03:00] 
[2025-10-11T21:44:48+03:00] === PID: 168 ===
[2025-10-11T21:44:48+03:00] Name: scsi_eh_0
[2025-10-11T21:44:48+03:00] Max processes: 44487
[2025-10-11T21:44:48+03:00] mounts: 63 точек
[2025-10-11T21:44:48+03:00] fd: 0 дескрипторов
[2025-10-11T21:44:48+03:00] 
[2025-10-11T21:44:48+03:00] === PID: 17 ===
[2025-10-11T21:44:48+03:00] Name: ksoftirqd/0
[2025-10-11T21:44:48+03:00] Max processes: 44487
[2025-10-11T21:44:48+03:00] mounts: 63 точек
[2025-10-11T21:44:48+03:00] fd: 0 дескрипторов
[2025-10-11T21:44:48+03:00] 
[2025-10-11T21:44:48+03:00] === PID: 170 ===
[2025-10-11T21:44:48+03:00] Name: kworker/R-scsi_tmf_0
[2025-10-11T21:44:48+03:00] Max processes: 44487
[2025-10-11T21:44:48+03:00] mounts: 63 точек
[2025-10-11T21:44:48+03:00] fd: 0 дескрипторов
[2025-10-11T21:44:48+03:00] 
[2025-10-11T21:44:48+03:00] === PID: 171 ===
[2025-10-11T21:44:48+03:00] Name: scsi_eh_1
[2025-10-11T21:44:48+03:00] Max processes: 44487
[2025-10-11T21:44:48+03:00] mounts: 63 точек
[2025-10-11T21:44:48+03:00] fd: 0 дескрипторов
[2025-10-11T21:44:48+03:00] 
[2025-10-11T21:44:48+03:00] === PID: 172 ===
[2025-10-11T21:44:48+03:00] Name: kworker/R-scsi_tmf_1
[2025-10-11T21:44:48+03:00] Max processes: 44487
[2025-10-11T21:44:48+03:00] mounts: 63 точек
[2025-10-11T21:44:48+03:00] fd: 0 дескрипторов
[2025-10-11T21:44:48+03:00] 
[2025-10-11T21:44:48+03:00] === PID: 1721 ===
[2025-10-11T21:44:48+03:00] Name: ModemManager
[2025-10-11T21:44:48+03:00] Max processes: 44487
[2025-10-11T21:44:48+03:00] mounts: 66 точек
[2025-10-11T21:44:48+03:00] fd: 0 дескрипторов
[2025-10-11T21:44:48+03:00] 
[2025-10-11T21:44:48+03:00] === PID: 17459 ===
[2025-10-11T21:44:48+03:00] Name: kworker/2:0-events
[2025-10-11T21:44:48+03:00] Max processes: 44487
[2025-10-11T21:44:48+03:00] mounts: 63 точек
[2025-10-11T21:44:48+03:00] fd: 0 дескрипторов
[2025-10-11T21:44:48+03:00] 
[2025-10-11T21:44:48+03:00] === PID: 175 ===
[2025-10-11T21:44:48+03:00] Name: scsi_eh_2
[2025-10-11T21:44:48+03:00] Max processes: 44487
[2025-10-11T21:44:48+03:00] mounts: 63 точек
[2025-10-11T21:44:48+03:00] fd: 0 дескрипторов
[2025-10-11T21:44:48+03:00] 
[2025-10-11T21:44:48+03:00] === PID: 177 ===
[2025-10-11T21:44:48+03:00] Name: kworker/R-scsi_tmf_2
[2025-10-11T21:44:48+03:00] Max processes: 44487
[2025-10-11T21:44:48+03:00] mounts: 63 точек
[2025-10-11T21:44:48+03:00] fd: 0 дескрипторов
[2025-10-11T21:44:48+03:00] 
[2025-10-11T21:44:48+03:00] === PID: 17849 ===
[2025-10-11T21:44:48+03:00] Name: kworker/1:2-events
[2025-10-11T21:44:48+03:00] Max processes: 44487
[2025-10-11T21:44:48+03:00] mounts: 63 точек
[2025-10-11T21:44:48+03:00] fd: 0 дескрипторов
[2025-10-11T21:44:48+03:00] 
[2025-10-11T21:44:48+03:00] === PID: 18 ===
[2025-10-11T21:44:48+03:00] Name: rcu_preempt
[2025-10-11T21:44:48+03:00] Max processes: 44487
[2025-10-11T21:44:48+03:00] mounts: 63 точек
[2025-10-11T21:44:48+03:00] fd: 0 дескрипторов
[2025-10-11T21:44:48+03:00] 
[2025-10-11T21:44:48+03:00] === PID: 181 ===
[2025-10-11T21:44:48+03:00] Name: kworker/R-sdhci
[2025-10-11T21:44:48+03:00] Max processes: 44487
[2025-10-11T21:44:48+03:00] mounts: 63 точек
[2025-10-11T21:44:48+03:00] fd: 0 дескрипторов
[2025-10-11T21:44:48+03:00] 
[2025-10-11T21:44:48+03:00] === PID: 18141 ===
[2025-10-11T21:44:48+03:00] Name: gnome-terminal-
[2025-10-11T21:44:48+03:00] Max processes: 44487
[2025-10-11T21:44:48+03:00] mounts: 63 точек
[2025-10-11T21:44:48+03:00] fd: 21 дескрипторов
[2025-10-11T21:44:48+03:00] 
[2025-10-11T21:44:48+03:00] === PID: 18148 ===
[2025-10-11T21:44:48+03:00] Name: bash
[2025-10-11T21:44:48+03:00] Max processes: 44487
[2025-10-11T21:44:48+03:00] mounts: 63 точек
[2025-10-11T21:44:48+03:00] fd: 4 дескрипторов
[2025-10-11T21:44:48+03:00] 
[2025-10-11T21:44:48+03:00] === PID: 182 ===
[2025-10-11T21:44:48+03:00] Name: irq/18-mmc0
[2025-10-11T21:44:48+03:00] Max processes: 44487
[2025-10-11T21:44:48+03:00] mounts: 63 точек
[2025-10-11T21:44:48+03:00] fd: 0 дескрипторов
[2025-10-11T21:44:48+03:00] 
[2025-10-11T21:44:48+03:00] === PID: 18223 ===
[2025-10-11T21:44:48+03:00] Name: kworker/u17:1-hci0
[2025-10-11T21:44:48+03:00] Max processes: 44487
[2025-10-11T21:44:48+03:00] mounts: 63 точек
[2025-10-11T21:44:48+03:00] fd: 0 дескрипторов
[2025-10-11T21:44:48+03:00] 
[2025-10-11T21:44:48+03:00] === PID: 184 ===
[2025-10-11T21:44:48+03:00] Name: scsi_eh_3
[2025-10-11T21:44:48+03:00] Max processes: 44487
[2025-10-11T21:44:48+03:00] mounts: 63 точек
[2025-10-11T21:44:48+03:00] fd: 0 дескрипторов
[2025-10-11T21:44:48+03:00] 
[2025-10-11T21:44:48+03:00] === PID: 1845 ===
[2025-10-11T21:44:48+03:00] Name: hwrng
[2025-10-11T21:44:48+03:00] Max processes: 44487
[2025-10-11T21:44:48+03:00] mounts: 63 точек
[2025-10-11T21:44:48+03:00] fd: 0 дескрипторов
[2025-10-11T21:44:48+03:00] 
[2025-10-11T21:44:48+03:00] === PID: 18457 ===
[2025-10-11T21:44:48+03:00] Name: jbd2/sdb-8
[2025-10-11T21:44:48+03:00] Max processes: 44487
[2025-10-11T21:44:48+03:00] mounts: 63 точек
[2025-10-11T21:44:48+03:00] fd: 0 дескрипторов
[2025-10-11T21:44:48+03:00] 
[2025-10-11T21:44:48+03:00] === PID: 18458 ===
[2025-10-11T21:44:48+03:00] Name: kworker/R-ext4-rsv-conversion
[2025-10-11T21:44:49+03:00] Max processes: 44487
[2025-10-11T21:44:49+03:00] mounts: 63 точек
[2025-10-11T21:44:49+03:00] fd: 0 дескрипторов
[2025-10-11T21:44:49+03:00] 
[2025-10-11T21:44:49+03:00] === PID: 1847 ===
[2025-10-11T21:44:49+03:00] Name: cupsd
[2025-10-11T21:44:49+03:00] Max processes: 44487
[2025-10-11T21:44:49+03:00] mounts: 63 точек
[2025-10-11T21:44:49+03:00] fd: 0 дескрипторов
[2025-10-11T21:44:49+03:00] 
[2025-10-11T21:44:49+03:00] === PID: 185 ===
[2025-10-11T21:44:49+03:00] Name: kworker/R-scsi_tmf_3
[2025-10-11T21:44:49+03:00] Max processes: 44487
[2025-10-11T21:44:49+03:00] mounts: 63 точек
[2025-10-11T21:44:49+03:00] fd: 0 дескрипторов
[2025-10-11T21:44:49+03:00] 
[2025-10-11T21:44:49+03:00] === PID: 1850 ===
[2025-10-11T21:44:49+03:00] Name: unattended-upgr
[2025-10-11T21:44:49+03:00] Max processes: 44487
[2025-10-11T21:44:49+03:00] mounts: 63 точек
[2025-10-11T21:44:49+03:00] fd: 0 дескрипторов
[2025-10-11T21:44:49+03:00] 
[2025-10-11T21:44:49+03:00] === PID: 18828 ===
[2025-10-11T21:44:49+03:00] Name: gjs
[2025-10-11T21:44:49+03:00] Max processes: 44487
[2025-10-11T21:44:49+03:00] mounts: 63 точек
[2025-10-11T21:44:49+03:00] fd: 17 дескрипторов
[2025-10-11T21:44:49+03:00] 
[2025-10-11T21:44:49+03:00] === PID: 18922 ===
[2025-10-11T21:44:49+03:00] Name: code
[2025-10-11T21:44:49+03:00] Max processes: 44487
[2025-10-11T21:44:49+03:00] mounts: 63 точек
[2025-10-11T21:44:49+03:00] fd: 38 дескрипторов
[2025-10-11T21:44:49+03:00] 
[2025-10-11T21:44:49+03:00] === PID: 1893 ===
[2025-10-11T21:44:49+03:00] Name: bluetoothd
[2025-10-11T21:44:49+03:00] Max processes: 1
[2025-10-11T21:44:49+03:00] mounts: 78 точек
[2025-10-11T21:44:49+03:00] fd: 0 дескрипторов
[2025-10-11T21:44:49+03:00] 
[2025-10-11T21:44:49+03:00] === PID: 19 ===
[2025-10-11T21:44:49+03:00] Name: rcu_exp_par_gp_kthread_worker/0
[2025-10-11T21:44:49+03:00] Max processes: 44487
[2025-10-11T21:44:49+03:00] mounts: 63 точек
[2025-10-11T21:44:49+03:00] fd: 0 дескрипторов
[2025-10-11T21:44:49+03:00] 
[2025-10-11T21:44:49+03:00] === PID: 19024 ===
[2025-10-11T21:44:49+03:00] Name: kworker/0:3-events_freezable
[2025-10-11T21:44:49+03:00] Max processes: 44487
[2025-10-11T21:44:49+03:00] mounts: 63 точек
[2025-10-11T21:44:49+03:00] fd: 0 дескрипторов
[2025-10-11T21:44:49+03:00] 
[2025-10-11T21:44:49+03:00] === PID: 19073 ===
[2025-10-11T21:44:49+03:00] Name: ssh-agent
[2025-10-11T21:44:49+03:00] Max processes: 44487
[2025-10-11T21:44:49+03:00] mounts: 63 точек
[2025-10-11T21:44:49+03:00] fd: 0 дескрипторов
[2025-10-11T21:44:49+03:00] 
[2025-10-11T21:44:49+03:00] === PID: 191 ===
[2025-10-11T21:44:49+03:00] Name: scsi_eh_4
[2025-10-11T21:44:49+03:00] Max processes: 44487
[2025-10-11T21:44:49+03:00] mounts: 63 точек
[2025-10-11T21:44:49+03:00] fd: 0 дескрипторов
[2025-10-11T21:44:49+03:00] 
[2025-10-11T21:44:49+03:00] === PID: 1911 ===
[2025-10-11T21:44:49+03:00] Name: krfcommd
[2025-10-11T21:44:49+03:00] Max processes: 44487
[2025-10-11T21:44:49+03:00] mounts: 63 точек
[2025-10-11T21:44:49+03:00] fd: 0 дескрипторов
[2025-10-11T21:44:49+03:00] 
[2025-10-11T21:44:49+03:00] === PID: 19118 ===
[2025-10-11T21:44:49+03:00] Name: code
[2025-10-11T21:44:49+03:00] Max processes: 44487
[2025-10-11T21:44:49+03:00] mounts: 63 точек
[2025-10-11T21:44:49+03:00] fd: 39 дескрипторов
[2025-10-11T21:44:49+03:00] 
[2025-10-11T21:44:49+03:00] === PID: 192 ===
[2025-10-11T21:44:49+03:00] Name: kworker/R-scsi_tmf_4
[2025-10-11T21:44:49+03:00] Max processes: 44487
[2025-10-11T21:44:49+03:00] mounts: 63 точек
[2025-10-11T21:44:49+03:00] fd: 0 дескрипторов
[2025-10-11T21:44:49+03:00] 
[2025-10-11T21:44:49+03:00] === PID: 1930 ===
[2025-10-11T21:44:49+03:00] Name: cups-browsed
[2025-10-11T21:44:49+03:00] Max processes: 44487
[2025-10-11T21:44:49+03:00] mounts: 63 точек
[2025-10-11T21:44:49+03:00] fd: 0 дескрипторов
[2025-10-11T21:44:49+03:00] 
[2025-10-11T21:44:49+03:00] === PID: 1933 ===
[2025-10-11T21:44:49+03:00] Name: cron
[2025-10-11T21:44:49+03:00] Max processes: 44487
[2025-10-11T21:44:49+03:00] mounts: 63 точек
[2025-10-11T21:44:49+03:00] fd: 0 дескрипторов
[2025-10-11T21:44:49+03:00] 
[2025-10-11T21:44:49+03:00] === PID: 1934 ===
[2025-10-11T21:44:49+03:00] Name: libvirtd
[2025-10-11T21:44:49+03:00] Max processes: 44487
[2025-10-11T21:44:49+03:00] mounts: 63 точек
[2025-10-11T21:44:49+03:00] fd: 0 дескрипторов
[2025-10-11T21:44:49+03:00] 
[2025-10-11T21:44:49+03:00] === PID: 1970 ===
[2025-10-11T21:44:49+03:00] Name: gdm3
[2025-10-11T21:44:49+03:00] Max processes: 44487
[2025-10-11T21:44:49+03:00] mounts: 63 точек
[2025-10-11T21:44:49+03:00] fd: 0 дескрипторов
[2025-10-11T21:44:49+03:00] 
[2025-10-11T21:44:49+03:00] === PID: 1973 ===
[2025-10-11T21:44:49+03:00] Name: kworker/R-iprt-VBoxWQueue
[2025-10-11T21:44:49+03:00] Max processes: 44487
[2025-10-11T21:44:49+03:00] mounts: 63 точек
[2025-10-11T21:44:49+03:00] fd: 0 дескрипторов
[2025-10-11T21:44:49+03:00] 
[2025-10-11T21:44:49+03:00] === PID: 1976 ===
[2025-10-11T21:44:49+03:00] Name: iprt-VBoxTscThread
[2025-10-11T21:44:49+03:00] Max processes: 44487
[2025-10-11T21:44:49+03:00] mounts: 63 точек
[2025-10-11T21:44:49+03:00] fd: 0 дескрипторов
[2025-10-11T21:44:49+03:00] 
[2025-10-11T21:44:49+03:00] === PID: 199 ===
[2025-10-11T21:44:49+03:00] Name: scsi_eh_5
[2025-10-11T21:44:49+03:00] Max processes: 44487
[2025-10-11T21:44:49+03:00] mounts: 63 точек
[2025-10-11T21:44:49+03:00] fd: 0 дескрипторов
[2025-10-11T21:44:49+03:00] 
[2025-10-11T21:44:49+03:00] === PID: 2 ===
[2025-10-11T21:44:49+03:00] Name: kthreadd
[2025-10-11T21:44:49+03:00] Max processes: 44487
[2025-10-11T21:44:49+03:00] mounts: 63 точек
[2025-10-11T21:44:49+03:00] fd: 0 дескрипторов
[2025-10-11T21:44:49+03:00] 
[2025-10-11T21:44:49+03:00] === PID: 20 ===
[2025-10-11T21:44:49+03:00] Name: rcu_exp_gp_kthread_worker
[2025-10-11T21:44:49+03:00] Max processes: 44487
[2025-10-11T21:44:49+03:00] mounts: 63 точек
[2025-10-11T21:44:49+03:00] fd: 0 дескрипторов
[2025-10-11T21:44:49+03:00] 
[2025-10-11T21:44:49+03:00] === PID: 200 ===
[2025-10-11T21:44:49+03:00] Name: kworker/R-scsi_tmf_5
[2025-10-11T21:44:49+03:00] Max processes: 44487
[2025-10-11T21:44:49+03:00] mounts: 63 точек
[2025-10-11T21:44:49+03:00] fd: 0 дескрипторов
[2025-10-11T21:44:49+03:00] 
[2025-10-11T21:44:49+03:00] === PID: 2033 ===
[2025-10-11T21:44:49+03:00] Name: psimon
[2025-10-11T21:44:49+03:00] Max processes: 44487
[2025-10-11T21:44:49+03:00] mounts: 63 точек
[2025-10-11T21:44:49+03:00] fd: 0 дескрипторов
[2025-10-11T21:44:49+03:00] 
[2025-10-11T21:44:49+03:00] === PID: 2084 ===
[2025-10-11T21:44:49+03:00] Name: dnsmasq
[2025-10-11T21:44:49+03:00] Max processes: 44487
[2025-10-11T21:44:49+03:00] mounts: 63 точек
[2025-10-11T21:44:49+03:00] fd: 0 дескрипторов
[2025-10-11T21:44:49+03:00] 
[2025-10-11T21:44:49+03:00] === PID: 2085 ===
[2025-10-11T21:44:49+03:00] Name: dnsmasq
[2025-10-11T21:44:49+03:00] Max processes: 44487
[2025-10-11T21:44:49+03:00] mounts: 63 точек
[2025-10-11T21:44:49+03:00] fd: 0 дескрипторов
[2025-10-11T21:44:49+03:00] 
[2025-10-11T21:44:49+03:00] === PID: 21 ===
[2025-10-11T21:44:49+03:00] Name: migration/0
[2025-10-11T21:44:49+03:00] Max processes: 44487
[2025-10-11T21:44:49+03:00] mounts: 63 точек
[2025-10-11T21:44:49+03:00] fd: 0 дескрипторов
[2025-10-11T21:44:49+03:00] 
[2025-10-11T21:44:49+03:00] === PID: 2132 ===
[2025-10-11T21:44:49+03:00] Name: rtkit-daemon
[2025-10-11T21:44:49+03:00] Max processes: 3
[2025-10-11T21:44:49+03:00] mounts: 3 точек
[2025-10-11T21:44:49+03:00] fd: 0 дескрипторов
[2025-10-11T21:44:49+03:00] 
[2025-10-11T21:44:49+03:00] === PID: 22 ===
[2025-10-11T21:44:49+03:00] Name: idle_inject/0
[2025-10-11T21:44:49+03:00] Max processes: 44487
[2025-10-11T21:44:49+03:00] mounts: 63 точек
[2025-10-11T21:44:49+03:00] fd: 0 дескрипторов
[2025-10-11T21:44:49+03:00] 
[2025-10-11T21:44:49+03:00] === PID: 2258 ===
[2025-10-11T21:44:49+03:00] Name: colord
[2025-10-11T21:44:49+03:00] Max processes: 44487
[2025-10-11T21:44:49+03:00] mounts: 67 точек
[2025-10-11T21:44:49+03:00] fd: 0 дескрипторов
[2025-10-11T21:44:49+03:00] 
[2025-10-11T21:44:50+03:00] === PID: 23 ===
[2025-10-11T21:44:50+03:00] Name: cpuhp/0
[2025-10-11T21:44:50+03:00] Max processes: 44487
[2025-10-11T21:44:50+03:00] mounts: 63 точек
[2025-10-11T21:44:50+03:00] fd: 0 дескрипторов
[2025-10-11T21:44:50+03:00] 
[2025-10-11T21:44:50+03:00] === PID: 2303 ===
[2025-10-11T21:44:50+03:00] Name: upowerd
[2025-10-11T21:44:50+03:00] Max processes: 44487
[2025-10-11T21:44:50+03:00] mounts: 65 точек
[2025-10-11T21:44:50+03:00] fd: 0 дескрипторов
[2025-10-11T21:44:50+03:00] 
[2025-10-11T21:44:50+03:00] === PID: 24 ===
[2025-10-11T21:44:50+03:00] Name: cpuhp/2
[2025-10-11T21:44:50+03:00] Max processes: 44487
[2025-10-11T21:44:50+03:00] mounts: 63 точек
[2025-10-11T21:44:50+03:00] fd: 0 дескрипторов
[2025-10-11T21:44:50+03:00] 
[2025-10-11T21:44:50+03:00] === PID: 25 ===
[2025-10-11T21:44:50+03:00] Name: idle_inject/2
[2025-10-11T21:44:50+03:00] Max processes: 44487
[2025-10-11T21:44:50+03:00] mounts: 63 точек
[2025-10-11T21:44:50+03:00] fd: 0 дескрипторов
[2025-10-11T21:44:50+03:00] 
[2025-10-11T21:44:50+03:00] === PID: 26 ===
[2025-10-11T21:44:50+03:00] Name: migration/2
[2025-10-11T21:44:50+03:00] Max processes: 44487
[2025-10-11T21:44:50+03:00] mounts: 63 точек
[2025-10-11T21:44:50+03:00] fd: 0 дескрипторов
[2025-10-11T21:44:50+03:00] 
[2025-10-11T21:44:50+03:00] === PID: 2636 ===
[2025-10-11T21:44:50+03:00] Name: power-profiles-
[2025-10-11T21:44:50+03:00] Max processes: 44487
[2025-10-11T21:44:50+03:00] mounts: 68 точек
[2025-10-11T21:44:50+03:00] fd: 0 дескрипторов
[2025-10-11T21:44:50+03:00] 
[2025-10-11T21:44:50+03:00] === PID: 265 ===
[2025-10-11T21:44:50+03:00] Name: jbd2/sda2-8
[2025-10-11T21:44:50+03:00] Max processes: 44487
[2025-10-11T21:44:50+03:00] mounts: 63 точек
[2025-10-11T21:44:50+03:00] fd: 0 дескрипторов
[2025-10-11T21:44:50+03:00] 
[2025-10-11T21:44:50+03:00] === PID: 2659 ===
[2025-10-11T21:44:50+03:00] Name: gdm-session-wor
[2025-10-11T21:44:50+03:00] Max processes: 44487
[2025-10-11T21:44:50+03:00] mounts: 63 точек
[2025-10-11T21:44:50+03:00] fd: 0 дескрипторов
[2025-10-11T21:44:50+03:00] 
[2025-10-11T21:44:50+03:00] === PID: 266 ===
[2025-10-11T21:44:50+03:00] Name: kworker/R-ext4-rsv-conversion
[2025-10-11T21:44:50+03:00] Max processes: 44487
[2025-10-11T21:44:50+03:00] mounts: 63 точек
[2025-10-11T21:44:50+03:00] fd: 0 дескрипторов
[2025-10-11T21:44:50+03:00] 
[2025-10-11T21:44:50+03:00] === PID: 2670 ===
[2025-10-11T21:44:50+03:00] Name: systemd
[2025-10-11T21:44:50+03:00] Max processes: 44487
[2025-10-11T21:44:50+03:00] mounts: 63 точек
[2025-10-11T21:44:50+03:00] fd: 142 дескрипторов
[2025-10-11T21:44:50+03:00] 
[2025-10-11T21:44:50+03:00] === PID: 2671 ===
[2025-10-11T21:44:50+03:00] Name: (sd-pam)
[2025-10-11T21:44:50+03:00] Max processes: 44487
[2025-10-11T21:44:50+03:00] mounts: 63 точек
[2025-10-11T21:44:50+03:00] fd: 0 дескрипторов
[2025-10-11T21:44:50+03:00] 
[2025-10-11T21:44:50+03:00] === PID: 2684 ===
[2025-10-11T21:44:50+03:00] Name: mpris-proxy
[2025-10-11T21:44:50+03:00] Max processes: 44487
[2025-10-11T21:44:50+03:00] mounts: 63 точек
[2025-10-11T21:44:50+03:00] fd: 6 дескрипторов
[2025-10-11T21:44:50+03:00] 
[2025-10-11T21:44:50+03:00] === PID: 2685 ===
[2025-10-11T21:44:50+03:00] Name: pipewire
[2025-10-11T21:44:50+03:00] Max processes: 44487
[2025-10-11T21:44:50+03:00] mounts: 63 точек
[2025-10-11T21:44:50+03:00] fd: 78 дескрипторов
[2025-10-11T21:44:50+03:00] 
[2025-10-11T21:44:50+03:00] === PID: 2686 ===
[2025-10-11T21:44:50+03:00] Name: pipewire
[2025-10-11T21:44:50+03:00] Max processes: 44487
[2025-10-11T21:44:50+03:00] mounts: 63 точек
[2025-10-11T21:44:50+03:00] fd: 15 дескрипторов
[2025-10-11T21:44:50+03:00] 
[2025-10-11T21:44:50+03:00] === PID: 26899 ===
[2025-10-11T21:44:50+03:00] Name: kworker/u16:2-kvfree_rcu_reclaim
[2025-10-11T21:44:50+03:00] Max processes: 44487
[2025-10-11T21:44:50+03:00] mounts: 63 точек
[2025-10-11T21:44:50+03:00] fd: 0 дескрипторов
[2025-10-11T21:44:50+03:00] 
[2025-10-11T21:44:50+03:00] === PID: 2690 ===
[2025-10-11T21:44:50+03:00] Name: wireplumber
[2025-10-11T21:44:50+03:00] Max processes: 44487
[2025-10-11T21:44:50+03:00] mounts: 63 точек
[2025-10-11T21:44:50+03:00] fd: 63 дескрипторов
[2025-10-11T21:44:50+03:00] 
[2025-10-11T21:44:50+03:00] === PID: 2691 ===
[2025-10-11T21:44:50+03:00] Name: pipewire-pulse
[2025-10-11T21:44:50+03:00] Max processes: 44487
[2025-10-11T21:44:50+03:00] mounts: 63 точек
[2025-10-11T21:44:50+03:00] fd: 42 дескрипторов
[2025-10-11T21:44:50+03:00] 
[2025-10-11T21:44:50+03:00] === PID: 2692 ===
[2025-10-11T21:44:50+03:00] Name: dbus-daemon
[2025-10-11T21:44:50+03:00] Max processes: 44487
[2025-10-11T21:44:50+03:00] mounts: 63 точек
[2025-10-11T21:44:50+03:00] fd: 488 дескрипторов
[2025-10-11T21:44:50+03:00] 
[2025-10-11T21:44:50+03:00] === PID: 2693 ===
[2025-10-11T21:44:50+03:00] Name: gnome-keyring-d
[2025-10-11T21:44:50+03:00] Max processes: 44487
[2025-10-11T21:44:50+03:00] mounts: 63 точек
[2025-10-11T21:44:50+03:00] fd: 15 дескрипторов
[2025-10-11T21:44:50+03:00] 
[2025-10-11T21:44:50+03:00] === PID: 27 ===
[2025-10-11T21:44:50+03:00] Name: ksoftirqd/2
[2025-10-11T21:44:50+03:00] Max processes: 44487
[2025-10-11T21:44:50+03:00] mounts: 63 точек
[2025-10-11T21:44:50+03:00] fd: 0 дескрипторов
[2025-10-11T21:44:50+03:00] 
[2025-10-11T21:44:50+03:00] === PID: 27030 ===
[2025-10-11T21:44:50+03:00] Name: eog
[2025-10-11T21:44:50+03:00] Max processes: 44487
[2025-10-11T21:44:50+03:00] mounts: 63 точек
[2025-10-11T21:44:50+03:00] fd: 19 дескрипторов
[2025-10-11T21:44:50+03:00] 
[2025-10-11T21:44:50+03:00] === PID: 27149 ===
[2025-10-11T21:44:50+03:00] Name: kworker/u16:0-flush-8:0
[2025-10-11T21:44:50+03:00] Max processes: 44487
[2025-10-11T21:44:50+03:00] mounts: 63 точек
[2025-10-11T21:44:50+03:00] fd: 0 дескрипторов
[2025-10-11T21:44:50+03:00] 
[2025-10-11T21:44:50+03:00] === PID: 27172 ===
[2025-10-11T21:44:50+03:00] Name: kworker/3:1-events
[2025-10-11T21:44:50+03:00] Max processes: 44487
[2025-10-11T21:44:50+03:00] mounts: 63 точек
[2025-10-11T21:44:50+03:00] fd: 0 дескрипторов
[2025-10-11T21:44:50+03:00] 
[2025-10-11T21:44:50+03:00] === PID: 2741 ===
[2025-10-11T21:44:50+03:00] Name: xdg-document-po
[2025-10-11T21:44:50+03:00] Max processes: 44487
[2025-10-11T21:44:50+03:00] mounts: 63 точек
[2025-10-11T21:44:50+03:00] fd: 15 дескрипторов
[2025-10-11T21:44:50+03:00] 
[2025-10-11T21:44:50+03:00] === PID: 2745 ===
[2025-10-11T21:44:50+03:00] Name: xdg-permission-
[2025-10-11T21:44:50+03:00] Max processes: 44487
[2025-10-11T21:44:50+03:00] mounts: 63 точек
[2025-10-11T21:44:50+03:00] fd: 7 дескрипторов
[2025-10-11T21:44:50+03:00] 
[2025-10-11T21:44:50+03:00] === PID: 2752 ===
[2025-10-11T21:44:50+03:00] Name: fusermount3
[2025-10-11T21:44:50+03:00] Max processes: 44487
[2025-10-11T21:44:50+03:00] mounts: 63 точек
[2025-10-11T21:44:50+03:00] fd: 0 дескрипторов
[2025-10-11T21:44:50+03:00] 
[2025-10-11T21:44:50+03:00] === PID: 27744 ===
[2025-10-11T21:44:50+03:00] Name: kworker/1:1
[2025-10-11T21:44:50+03:00] Max processes: 44487
[2025-10-11T21:44:50+03:00] mounts: 63 точек
[2025-10-11T21:44:50+03:00] fd: 0 дескрипторов
[2025-10-11T21:44:50+03:00] 
[2025-10-11T21:44:50+03:00] === PID: 2784 ===
[2025-10-11T21:44:50+03:00] Name: gdm-wayland-ses
[2025-10-11T21:44:50+03:00] Max processes: 44487
[2025-10-11T21:44:50+03:00] mounts: 63 точек
[2025-10-11T21:44:50+03:00] fd: 9 дескрипторов
[2025-10-11T21:44:50+03:00] 
[2025-10-11T21:44:50+03:00] === PID: 2801 ===
[2025-10-11T21:44:50+03:00] Name: gnome-session-b
[2025-10-11T21:44:50+03:00] Max processes: 44487
[2025-10-11T21:44:50+03:00] mounts: 63 точек
[2025-10-11T21:44:50+03:00] fd: 8 дескрипторов
[2025-10-11T21:44:50+03:00] 
[2025-10-11T21:44:50+03:00] === PID: 28316 ===
[2025-10-11T21:44:50+03:00] Name: kworker/u16:4-flush-8:0
[2025-10-11T21:44:50+03:00] Max processes: 44487
[2025-10-11T21:44:50+03:00] mounts: 63 точек
[2025-10-11T21:44:50+03:00] fd: 0 дескрипторов
[2025-10-11T21:44:50+03:00] 
[2025-10-11T21:44:50+03:00] === PID: 28619 ===
[2025-10-11T21:44:50+03:00] Name: kworker/3:2-events
[2025-10-11T21:44:51+03:00] Max processes: 44487
[2025-10-11T21:44:51+03:00] mounts: 63 точек
[2025-10-11T21:44:51+03:00] fd: 0 дескрипторов
[2025-10-11T21:44:51+03:00] 
[2025-10-11T21:44:51+03:00] === PID: 28627 ===
[2025-10-11T21:44:51+03:00] Name: kworker/2:2-cgroup_destroy
[2025-10-11T21:44:51+03:00] Max processes: 44487
[2025-10-11T21:44:51+03:00] mounts: 63 точек
[2025-10-11T21:44:51+03:00] fd: 0 дескрипторов
[2025-10-11T21:44:51+03:00] 
[2025-10-11T21:44:51+03:00] === PID: 2882 ===
[2025-10-11T21:44:51+03:00] Name: gcr-ssh-agent
[2025-10-11T21:44:51+03:00] Max processes: 44487
[2025-10-11T21:44:51+03:00] mounts: 63 точек
[2025-10-11T21:44:51+03:00] fd: 6 дескрипторов
[2025-10-11T21:44:51+03:00] 
[2025-10-11T21:44:51+03:00] === PID: 2886 ===
[2025-10-11T21:44:51+03:00] Name: gnome-session-c
[2025-10-11T21:44:51+03:00] Max processes: 44487
[2025-10-11T21:44:51+03:00] mounts: 63 точек
[2025-10-11T21:44:51+03:00] fd: 6 дескрипторов
[2025-10-11T21:44:51+03:00] 
[2025-10-11T21:44:51+03:00] === PID: 28939 ===
[2025-10-11T21:44:51+03:00] Name: kworker/u16:1-events_unbound
[2025-10-11T21:44:51+03:00] Max processes: 44487
[2025-10-11T21:44:51+03:00] mounts: 63 точек
[2025-10-11T21:44:51+03:00] fd: 0 дескрипторов
[2025-10-11T21:44:51+03:00] 
[2025-10-11T21:44:51+03:00] === PID: 29 ===
[2025-10-11T21:44:51+03:00] Name: kworker/2:0H-events_highpri
[2025-10-11T21:44:51+03:00] Max processes: 44487
[2025-10-11T21:44:51+03:00] mounts: 63 точек
[2025-10-11T21:44:51+03:00] fd: 0 дескрипторов
[2025-10-11T21:44:51+03:00] 
[2025-10-11T21:44:51+03:00] === PID: 2903 ===
[2025-10-11T21:44:51+03:00] Name: gvfsd
[2025-10-11T21:44:51+03:00] Max processes: 44487
[2025-10-11T21:44:51+03:00] mounts: 63 точек
[2025-10-11T21:44:51+03:00] fd: 15 дескрипторов
[2025-10-11T21:44:51+03:00] 
[2025-10-11T21:44:51+03:00] === PID: 2915 ===
[2025-10-11T21:44:51+03:00] Name: gvfsd-fuse
[2025-10-11T21:44:51+03:00] Max processes: 44487
[2025-10-11T21:44:51+03:00] mounts: 63 точек
[2025-10-11T21:44:51+03:00] fd: 10 дескрипторов
[2025-10-11T21:44:51+03:00] 
[2025-10-11T21:44:51+03:00] === PID: 2918 ===
[2025-10-11T21:44:51+03:00] Name: gnome-session-b
[2025-10-11T21:44:51+03:00] Max processes: 44487
[2025-10-11T21:44:51+03:00] mounts: 63 точек
[2025-10-11T21:44:51+03:00] fd: 21 дескрипторов
[2025-10-11T21:44:51+03:00] 
[2025-10-11T21:44:51+03:00] === PID: 2948 ===
[2025-10-11T21:44:51+03:00] Name: at-spi-bus-laun
[2025-10-11T21:44:51+03:00] Max processes: 44487
[2025-10-11T21:44:51+03:00] mounts: 63 точек
[2025-10-11T21:44:51+03:00] fd: 11 дескрипторов
[2025-10-11T21:44:51+03:00] 
[2025-10-11T21:44:51+03:00] === PID: 2956 ===
[2025-10-11T21:44:51+03:00] Name: gnome-shell
[2025-10-11T21:44:51+03:00] Max processes: 44487
[2025-10-11T21:44:51+03:00] mounts: 63 точек
[2025-10-11T21:44:51+03:00] fd: 148 дескрипторов
[2025-10-11T21:44:51+03:00] 
[2025-10-11T21:44:51+03:00] === PID: 2962 ===
[2025-10-11T21:44:51+03:00] Name: dbus-daemon
[2025-10-11T21:44:51+03:00] Max processes: 44487
[2025-10-11T21:44:51+03:00] mounts: 63 точек
[2025-10-11T21:44:51+03:00] fd: 83 дескрипторов
[2025-10-11T21:44:51+03:00] 
[2025-10-11T21:44:51+03:00] === PID: 2995 ===
[2025-10-11T21:44:51+03:00] Name: at-spi2-registr
[2025-10-11T21:44:51+03:00] Max processes: 44487
[2025-10-11T21:44:51+03:00] mounts: 63 точек
[2025-10-11T21:44:51+03:00] fd: 10 дескрипторов
[2025-10-11T21:44:51+03:00] 
[2025-10-11T21:44:51+03:00] === PID: 3 ===
[2025-10-11T21:44:51+03:00] Name: pool_workqueue_release
[2025-10-11T21:44:51+03:00] Max processes: 44487
[2025-10-11T21:44:51+03:00] mounts: 63 точек
[2025-10-11T21:44:51+03:00] fd: 0 дескрипторов
[2025-10-11T21:44:51+03:00] 
[2025-10-11T21:44:51+03:00] === PID: 30 ===
[2025-10-11T21:44:51+03:00] Name: cpuhp/1
[2025-10-11T21:44:51+03:00] Max processes: 44487
[2025-10-11T21:44:51+03:00] mounts: 63 точек
[2025-10-11T21:44:51+03:00] fd: 0 дескрипторов
[2025-10-11T21:44:51+03:00] 
[2025-10-11T21:44:51+03:00] === PID: 3011 ===
[2025-10-11T21:44:51+03:00] Name: gnome-shell-cal
[2025-10-11T21:44:51+03:00] Max processes: 44487
[2025-10-11T21:44:51+03:00] mounts: 63 точек
[2025-10-11T21:44:51+03:00] fd: 10 дескрипторов
[2025-10-11T21:44:51+03:00] 
[2025-10-11T21:44:51+03:00] === PID: 3018 ===
[2025-10-11T21:44:51+03:00] Name: evolution-sourc
[2025-10-11T21:44:51+03:00] Max processes: 44487
[2025-10-11T21:44:51+03:00] mounts: 63 точек
[2025-10-11T21:44:51+03:00] fd: 9 дескрипторов
[2025-10-11T21:44:51+03:00] 
[2025-10-11T21:44:51+03:00] === PID: 3031 ===
[2025-10-11T21:44:51+03:00] Name: gjs
[2025-10-11T21:44:51+03:00] Max processes: 44487
[2025-10-11T21:44:51+03:00] mounts: 63 точек
[2025-10-11T21:44:51+03:00] fd: 8 дескрипторов
[2025-10-11T21:44:51+03:00] 
[2025-10-11T21:44:51+03:00] === PID: 3036 ===
[2025-10-11T21:44:51+03:00] Name: ibus-daemon
[2025-10-11T21:44:51+03:00] Max processes: 44487
[2025-10-11T21:44:51+03:00] mounts: 63 точек
[2025-10-11T21:44:51+03:00] fd: 18 дескрипторов
[2025-10-11T21:44:51+03:00] 
[2025-10-11T21:44:51+03:00] === PID: 3039 ===
[2025-10-11T21:44:51+03:00] Name: gsd-a11y-settin
[2025-10-11T21:44:51+03:00] Max processes: 44487
[2025-10-11T21:44:51+03:00] mounts: 63 точек
[2025-10-11T21:44:51+03:00] fd: 8 дескрипторов
[2025-10-11T21:44:51+03:00] 
[2025-10-11T21:44:51+03:00] === PID: 3041 ===
[2025-10-11T21:44:51+03:00] Name: gsd-color
[2025-10-11T21:44:51+03:00] Max processes: 44487
[2025-10-11T21:44:51+03:00] mounts: 63 точек
[2025-10-11T21:44:51+03:00] fd: 15 дескрипторов
[2025-10-11T21:44:51+03:00] 
[2025-10-11T21:44:51+03:00] === PID: 3045 ===
[2025-10-11T21:44:51+03:00] Name: gsd-datetime
[2025-10-11T21:44:51+03:00] Max processes: 44487
[2025-10-11T21:44:51+03:00] mounts: 63 точек
[2025-10-11T21:44:51+03:00] fd: 8 дескрипторов
[2025-10-11T21:44:51+03:00] 
[2025-10-11T21:44:51+03:00] === PID: 3050 ===
[2025-10-11T21:44:51+03:00] Name: goa-daemon
[2025-10-11T21:44:51+03:00] Max processes: 44487
[2025-10-11T21:44:51+03:00] mounts: 63 точек
[2025-10-11T21:44:51+03:00] fd: 12 дескрипторов
[2025-10-11T21:44:51+03:00] 
[2025-10-11T21:44:51+03:00] === PID: 3051 ===
[2025-10-11T21:44:51+03:00] Name: gsd-housekeepin
[2025-10-11T21:44:51+03:00] Max processes: 44487
[2025-10-11T21:44:51+03:00] mounts: 63 точек
[2025-10-11T21:44:51+03:00] fd: 12 дескрипторов
[2025-10-11T21:44:51+03:00] 
[2025-10-11T21:44:51+03:00] === PID: 3052 ===
[2025-10-11T21:44:51+03:00] Name: gsd-keyboard
[2025-10-11T21:44:51+03:00] Max processes: 44487
[2025-10-11T21:44:51+03:00] mounts: 63 точек
[2025-10-11T21:44:51+03:00] fd: 15 дескрипторов
[2025-10-11T21:44:51+03:00] 
[2025-10-11T21:44:51+03:00] === PID: 3055 ===
[2025-10-11T21:44:51+03:00] Name: gsd-media-keys
[2025-10-11T21:44:51+03:00] Max processes: 44487
[2025-10-11T21:44:51+03:00] mounts: 63 точек
[2025-10-11T21:44:51+03:00] fd: 20 дескрипторов
[2025-10-11T21:44:51+03:00] 
[2025-10-11T21:44:51+03:00] === PID: 3059 ===
[2025-10-11T21:44:51+03:00] Name: gsd-power
[2025-10-11T21:44:51+03:00] Max processes: 44487
[2025-10-11T21:44:51+03:00] mounts: 63 точек
[2025-10-11T21:44:51+03:00] fd: 21 дескрипторов
[2025-10-11T21:44:51+03:00] 
[2025-10-11T21:44:51+03:00] === PID: 3062 ===
[2025-10-11T21:44:51+03:00] Name: gsd-print-notif
[2025-10-11T21:44:51+03:00] Max processes: 44487
[2025-10-11T21:44:51+03:00] mounts: 63 точек
[2025-10-11T21:44:51+03:00] fd: 9 дескрипторов
[2025-10-11T21:44:51+03:00] 
[2025-10-11T21:44:51+03:00] === PID: 3063 ===
[2025-10-11T21:44:51+03:00] Name: gsd-rfkill
[2025-10-11T21:44:51+03:00] Max processes: 44487
[2025-10-11T21:44:51+03:00] mounts: 63 точек
[2025-10-11T21:44:51+03:00] fd: 10 дескрипторов
[2025-10-11T21:44:51+03:00] 
[2025-10-11T21:44:51+03:00] === PID: 3067 ===
[2025-10-11T21:44:51+03:00] Name: gsd-screensaver
[2025-10-11T21:44:51+03:00] Max processes: 44487
[2025-10-11T21:44:51+03:00] mounts: 63 точек
[2025-10-11T21:44:51+03:00] fd: 7 дескрипторов
[2025-10-11T21:44:51+03:00] 
[2025-10-11T21:44:51+03:00] === PID: 3070 ===
[2025-10-11T21:44:51+03:00] Name: gsd-sharing
[2025-10-11T21:44:51+03:00] Max processes: 44487
[2025-10-11T21:44:51+03:00] mounts: 63 точек
[2025-10-11T21:44:51+03:00] fd: 9 дескрипторов
[2025-10-11T21:44:51+03:00] 
[2025-10-11T21:44:51+03:00] === PID: 3073 ===
[2025-10-11T21:44:51+03:00] Name: gsd-smartcard
[2025-10-11T21:44:52+03:00] Max processes: 44487
[2025-10-11T21:44:52+03:00] mounts: 63 точек
[2025-10-11T21:44:52+03:00] fd: 8 дескрипторов
[2025-10-11T21:44:52+03:00] 
[2025-10-11T21:44:52+03:00] === PID: 3075 ===
[2025-10-11T21:44:52+03:00] Name: gsd-disk-utilit
[2025-10-11T21:44:52+03:00] Max processes: 44487
[2025-10-11T21:44:52+03:00] mounts: 63 точек
[2025-10-11T21:44:52+03:00] fd: 8 дескрипторов
[2025-10-11T21:44:52+03:00] 
[2025-10-11T21:44:52+03:00] === PID: 3097 ===
[2025-10-11T21:44:52+03:00] Name: evolution-alarm
[2025-10-11T21:44:52+03:00] Max processes: 44487
[2025-10-11T21:44:52+03:00] mounts: 63 точек
[2025-10-11T21:44:52+03:00] fd: 16 дескрипторов
[2025-10-11T21:44:52+03:00] 
[2025-10-11T21:44:52+03:00] === PID: 31 ===
[2025-10-11T21:44:52+03:00] Name: idle_inject/1
[2025-10-11T21:44:52+03:00] Max processes: 44487
[2025-10-11T21:44:52+03:00] mounts: 63 точек
[2025-10-11T21:44:52+03:00] fd: 0 дескрипторов
[2025-10-11T21:44:52+03:00] 
[2025-10-11T21:44:52+03:00] === PID: 3158 ===
[2025-10-11T21:44:52+03:00] Name: gsd-sound
[2025-10-11T21:44:52+03:00] Max processes: 44487
[2025-10-11T21:44:52+03:00] mounts: 63 точек
[2025-10-11T21:44:52+03:00] fd: 9 дескрипторов
[2025-10-11T21:44:52+03:00] 
[2025-10-11T21:44:52+03:00] === PID: 3159 ===
[2025-10-11T21:44:52+03:00] Name: gsd-wacom
[2025-10-11T21:44:52+03:00] Max processes: 44487
[2025-10-11T21:44:52+03:00] mounts: 63 точек
[2025-10-11T21:44:52+03:00] fd: 13 дескрипторов
[2025-10-11T21:44:52+03:00] 
[2025-10-11T21:44:52+03:00] === PID: 3189 ===
[2025-10-11T21:44:52+03:00] Name: goa-identity-se
[2025-10-11T21:44:52+03:00] Max processes: 44487
[2025-10-11T21:44:52+03:00] mounts: 63 точек
[2025-10-11T21:44:52+03:00] fd: 8 дескрипторов
[2025-10-11T21:44:52+03:00] 
[2025-10-11T21:44:52+03:00] === PID: 32 ===
[2025-10-11T21:44:52+03:00] Name: migration/1
[2025-10-11T21:44:52+03:00] Max processes: 44487
[2025-10-11T21:44:52+03:00] mounts: 63 точек
[2025-10-11T21:44:52+03:00] fd: 0 дескрипторов
[2025-10-11T21:44:52+03:00] 
[2025-10-11T21:44:52+03:00] === PID: 321 ===
[2025-10-11T21:44:52+03:00] Name: systemd-journal
[2025-10-11T21:44:52+03:00] Max processes: 44487
[2025-10-11T21:44:52+03:00] mounts: 63 точек
[2025-10-11T21:44:52+03:00] fd: 0 дескрипторов
[2025-10-11T21:44:52+03:00] 
[2025-10-11T21:44:52+03:00] === PID: 3212 ===
[2025-10-11T21:44:52+03:00] Name: gvfs-udisks2-vo
[2025-10-11T21:44:52+03:00] Max processes: 44487
[2025-10-11T21:44:52+03:00] mounts: 63 точек
[2025-10-11T21:44:52+03:00] fd: 14 дескрипторов
[2025-10-11T21:44:52+03:00] 
[2025-10-11T21:44:52+03:00] === PID: 3238 ===
[2025-10-11T21:44:52+03:00] Name: gsd-printer
[2025-10-11T21:44:52+03:00] Max processes: 44487
[2025-10-11T21:44:52+03:00] mounts: 63 точек
[2025-10-11T21:44:52+03:00] fd: 8 дескрипторов
[2025-10-11T21:44:52+03:00] 
[2025-10-11T21:44:52+03:00] === PID: 3250 ===
[2025-10-11T21:44:52+03:00] Name: evolution-calen
[2025-10-11T21:44:52+03:00] Max processes: 44487
[2025-10-11T21:44:52+03:00] mounts: 63 точек
[2025-10-11T21:44:52+03:00] fd: 13 дескрипторов
[2025-10-11T21:44:52+03:00] 
[2025-10-11T21:44:52+03:00] === PID: 3255 ===
[2025-10-11T21:44:52+03:00] Name: ibus-memconf
[2025-10-11T21:44:52+03:00] Max processes: 44487
[2025-10-11T21:44:52+03:00] mounts: 63 точек
[2025-10-11T21:44:52+03:00] fd: 9 дескрипторов
[2025-10-11T21:44:52+03:00] 
[2025-10-11T21:44:52+03:00] === PID: 3257 ===
[2025-10-11T21:44:52+03:00] Name: ibus-extension-
[2025-10-11T21:44:52+03:00] Max processes: 44487
[2025-10-11T21:44:52+03:00] mounts: 63 точек
[2025-10-11T21:44:52+03:00] fd: 15 дескрипторов
[2025-10-11T21:44:52+03:00] 
[2025-10-11T21:44:52+03:00] === PID: 3262 ===
[2025-10-11T21:44:52+03:00] Name: ibus-portal
[2025-10-11T21:44:52+03:00] Max processes: 44487
[2025-10-11T21:44:52+03:00] mounts: 63 точек
[2025-10-11T21:44:52+03:00] fd: 9 дескрипторов
[2025-10-11T21:44:52+03:00] 
[2025-10-11T21:44:52+03:00] === PID: 3280 ===
[2025-10-11T21:44:52+03:00] Name: gvfs-goa-volume
[2025-10-11T21:44:52+03:00] Max processes: 44487
[2025-10-11T21:44:52+03:00] mounts: 63 точек
[2025-10-11T21:44:52+03:00] fd: 7 дескрипторов
[2025-10-11T21:44:52+03:00] 
[2025-10-11T21:44:52+03:00] === PID: 3287 ===
[2025-10-11T21:44:52+03:00] Name: gvfs-mtp-volume
[2025-10-11T21:44:52+03:00] Max processes: 44487
[2025-10-11T21:44:52+03:00] mounts: 63 точек
[2025-10-11T21:44:52+03:00] fd: 8 дескрипторов
[2025-10-11T21:44:52+03:00] 
[2025-10-11T21:44:52+03:00] === PID: 3292 ===
[2025-10-11T21:44:52+03:00] Name: evolution-addre
[2025-10-11T21:44:52+03:00] Max processes: 44487
[2025-10-11T21:44:52+03:00] mounts: 63 точек
[2025-10-11T21:44:52+03:00] fd: 13 дескрипторов
[2025-10-11T21:44:52+03:00] 
[2025-10-11T21:44:52+03:00] === PID: 3299 ===
[2025-10-11T21:44:52+03:00] Name: gvfs-afc-volume
[2025-10-11T21:44:52+03:00] Max processes: 44487
[2025-10-11T21:44:52+03:00] mounts: 63 точек
[2025-10-11T21:44:52+03:00] fd: 8 дескрипторов
[2025-10-11T21:44:52+03:00] 
[2025-10-11T21:44:52+03:00] === PID: 33 ===
[2025-10-11T21:44:52+03:00] Name: ksoftirqd/1
[2025-10-11T21:44:52+03:00] Max processes: 44487
[2025-10-11T21:44:52+03:00] mounts: 63 точек
[2025-10-11T21:44:52+03:00] fd: 0 дескрипторов
[2025-10-11T21:44:52+03:00] 
[2025-10-11T21:44:52+03:00] === PID: 3311 ===
[2025-10-11T21:44:52+03:00] Name: gvfs-gphoto2-vo
[2025-10-11T21:44:52+03:00] Max processes: 44487
[2025-10-11T21:44:52+03:00] mounts: 63 точек
[2025-10-11T21:44:52+03:00] fd: 8 дескрипторов
[2025-10-11T21:44:52+03:00] 
[2025-10-11T21:44:52+03:00] === PID: 3334 ===
[2025-10-11T21:44:52+03:00] Name: ibus-engine-sim
[2025-10-11T21:44:52+03:00] Max processes: 44487
[2025-10-11T21:44:52+03:00] mounts: 63 точек
[2025-10-11T21:44:52+03:00] fd: 9 дескрипторов
[2025-10-11T21:44:52+03:00] 
[2025-10-11T21:44:52+03:00] === PID: 3357 ===
[2025-10-11T21:44:52+03:00] Name: dconf-service
[2025-10-11T21:44:52+03:00] Max processes: 44487
[2025-10-11T21:44:52+03:00] mounts: 63 точек
[2025-10-11T21:44:52+03:00] fd: 7 дескрипторов
[2025-10-11T21:44:52+03:00] 
[2025-10-11T21:44:52+03:00] === PID: 3358 ===
[2025-10-11T21:44:52+03:00] Name: snapd-desktop-i
[2025-10-11T21:44:52+03:00] Max processes: 44487
[2025-10-11T21:44:52+03:00] mounts: 476 точек
[2025-10-11T21:44:52+03:00] fd: 3 дескрипторов
[2025-10-11T21:44:52+03:00] 
[2025-10-11T21:44:52+03:00] === PID: 34100 ===
[2025-10-11T21:44:52+03:00] Name: chrome
[2025-10-11T21:44:52+03:00] Max processes: 44487
[2025-10-11T21:44:52+03:00] mounts: 0 точек
[2025-10-11T21:44:52+03:00] fd: 32 дескрипторов
[2025-10-11T21:44:52+03:00] 
[2025-10-11T21:44:52+03:00] === PID: 34120 ===
[2025-10-11T21:44:52+03:00] Name: kworker/3:0-cgroup_destroy
[2025-10-11T21:44:52+03:00] Max processes: 44487
[2025-10-11T21:44:52+03:00] mounts: 63 точек
[2025-10-11T21:44:52+03:00] fd: 0 дескрипторов
[2025-10-11T21:44:52+03:00] 
[2025-10-11T21:44:52+03:00] === PID: 3415 ===
[2025-10-11T21:44:52+03:00] Name: snapd-desktop-i
[2025-10-11T21:44:52+03:00] Max processes: 44487
[2025-10-11T21:44:52+03:00] mounts: 476 точек
[2025-10-11T21:44:52+03:00] fd: 14 дескрипторов
[2025-10-11T21:44:52+03:00] 
[2025-10-11T21:44:52+03:00] === PID: 34170 ===
[2025-10-11T21:44:52+03:00] Name: kworker/3:3
[2025-10-11T21:44:52+03:00] Max processes: 44487
[2025-10-11T21:44:52+03:00] mounts: 63 точек
[2025-10-11T21:44:52+03:00] fd: 0 дескрипторов
[2025-10-11T21:44:52+03:00] 
[2025-10-11T21:44:52+03:00] === PID: 342 ===
[2025-10-11T21:44:52+03:00] Name: systemd-oomd
[2025-10-11T21:44:52+03:00] Max processes: 44487
[2025-10-11T21:44:52+03:00] mounts: 78 точек
[2025-10-11T21:44:52+03:00] fd: 0 дескрипторов
[2025-10-11T21:44:52+03:00] 
[2025-10-11T21:44:52+03:00] === PID: 3433 ===
[2025-10-11T21:44:52+03:00] Name: gvfsd-trash
[2025-10-11T21:44:52+03:00] Max processes: 44487
[2025-10-11T21:44:52+03:00] mounts: 63 точек
[2025-10-11T21:44:52+03:00] fd: 14 дескрипторов
[2025-10-11T21:44:52+03:00] 
[2025-10-11T21:44:52+03:00] === PID: 3462 ===
[2025-10-11T21:44:52+03:00] Name: xdg-desktop-por
[2025-10-11T21:44:53+03:00] Max processes: 44487
[2025-10-11T21:44:53+03:00] mounts: 63 точек
[2025-10-11T21:44:53+03:00] fd: 32 дескрипторов
[2025-10-11T21:44:53+03:00] 
[2025-10-11T21:44:53+03:00] === PID: 3464 ===
[2025-10-11T21:44:53+03:00] Name: localsearch-3
[2025-10-11T21:44:53+03:00] Max processes: 44487
[2025-10-11T21:44:53+03:00] mounts: 63 точек
[2025-10-11T21:44:53+03:00] fd: 55 дескрипторов
[2025-10-11T21:44:53+03:00] 
[2025-10-11T21:44:53+03:00] === PID: 3477 ===
[2025-10-11T21:44:53+03:00] Name: xdg-desktop-por
[2025-10-11T21:44:53+03:00] Max processes: 44487
[2025-10-11T21:44:53+03:00] mounts: 63 точек
[2025-10-11T21:44:53+03:00] fd: 13 дескрипторов
[2025-10-11T21:44:53+03:00] 
[2025-10-11T21:44:53+03:00] === PID: 3499 ===
[2025-10-11T21:44:53+03:00] Name: gjs
[2025-10-11T21:44:53+03:00] Max processes: 44487
[2025-10-11T21:44:53+03:00] mounts: 63 точек
[2025-10-11T21:44:53+03:00] fd: 8 дескрипторов
[2025-10-11T21:44:53+03:00] 
[2025-10-11T21:44:53+03:00] === PID: 35 ===
[2025-10-11T21:44:53+03:00] Name: kworker/1:0H-events_highpri
[2025-10-11T21:44:53+03:00] Max processes: 44487
[2025-10-11T21:44:53+03:00] mounts: 63 точек
[2025-10-11T21:44:53+03:00] fd: 0 дескрипторов
[2025-10-11T21:44:53+03:00] 
[2025-10-11T21:44:53+03:00] === PID: 3577 ===
[2025-10-11T21:44:53+03:00] Name: xdg-desktop-por
[2025-10-11T21:44:53+03:00] Max processes: 44487
[2025-10-11T21:44:53+03:00] mounts: 63 точек
[2025-10-11T21:44:53+03:00] fd: 16 дескрипторов
[2025-10-11T21:44:53+03:00] 
[2025-10-11T21:44:53+03:00] === PID: 3583 ===
[2025-10-11T21:44:53+03:00] Name: gvfsd-metadata
[2025-10-11T21:44:53+03:00] Max processes: 44487
[2025-10-11T21:44:53+03:00] mounts: 63 точек
[2025-10-11T21:44:53+03:00] fd: 10 дескрипторов
[2025-10-11T21:44:53+03:00] 
[2025-10-11T21:44:53+03:00] === PID: 36 ===
[2025-10-11T21:44:53+03:00] Name: cpuhp/3
[2025-10-11T21:44:53+03:00] Max processes: 44487
[2025-10-11T21:44:53+03:00] mounts: 63 точек
[2025-10-11T21:44:53+03:00] fd: 0 дескрипторов
[2025-10-11T21:44:53+03:00] 
[2025-10-11T21:44:53+03:00] === PID: 3692 ===
[2025-10-11T21:44:53+03:00] Name: Xwayland
[2025-10-11T21:44:53+03:00] Max processes: 44487
[2025-10-11T21:44:53+03:00] mounts: 63 точек
[2025-10-11T21:44:53+03:00] fd: 26 дескрипторов
[2025-10-11T21:44:53+03:00] 
[2025-10-11T21:44:53+03:00] === PID: 37 ===
[2025-10-11T21:44:53+03:00] Name: idle_inject/3
[2025-10-11T21:44:53+03:00] Max processes: 44487
[2025-10-11T21:44:53+03:00] mounts: 63 точек
[2025-10-11T21:44:53+03:00] fd: 0 дескрипторов
[2025-10-11T21:44:53+03:00] 
[2025-10-11T21:44:53+03:00] === PID: 3707 ===
[2025-10-11T21:44:53+03:00] Name: gsd-xsettings
[2025-10-11T21:44:53+03:00] Max processes: 44487
[2025-10-11T21:44:53+03:00] mounts: 63 точек
[2025-10-11T21:44:53+03:00] fd: 19 дескрипторов
[2025-10-11T21:44:53+03:00] 
[2025-10-11T21:44:53+03:00] === PID: 3726 ===
[2025-10-11T21:44:53+03:00] Name: mutter-x11-fram
[2025-10-11T21:44:53+03:00] Max processes: 44487
[2025-10-11T21:44:53+03:00] mounts: 63 точек
[2025-10-11T21:44:53+03:00] fd: 13 дескрипторов
[2025-10-11T21:44:53+03:00] 
[2025-10-11T21:44:53+03:00] === PID: 3752 ===
[2025-10-11T21:44:53+03:00] Name: ibus-x11
[2025-10-11T21:44:53+03:00] Max processes: 44487
[2025-10-11T21:44:53+03:00] mounts: 63 точек
[2025-10-11T21:44:53+03:00] fd: 10 дескрипторов
[2025-10-11T21:44:53+03:00] 
[2025-10-11T21:44:53+03:00] === PID: 38 ===
[2025-10-11T21:44:53+03:00] Name: migration/3
[2025-10-11T21:44:53+03:00] Max processes: 44487
[2025-10-11T21:44:53+03:00] mounts: 63 точек
[2025-10-11T21:44:53+03:00] fd: 0 дескрипторов
[2025-10-11T21:44:53+03:00] 
[2025-10-11T21:44:53+03:00] === PID: 380 ===
[2025-10-11T21:44:53+03:00] Name: systemd-timesyn
[2025-10-11T21:44:53+03:00] Max processes: 44487
[2025-10-11T21:44:53+03:00] mounts: 81 точек
[2025-10-11T21:44:53+03:00] fd: 0 дескрипторов
[2025-10-11T21:44:53+03:00] 
[2025-10-11T21:44:53+03:00] === PID: 388 ===
[2025-10-11T21:44:53+03:00] Name: systemd-resolve
[2025-10-11T21:44:53+03:00] Max processes: 44487
[2025-10-11T21:44:53+03:00] mounts: 80 точек
[2025-10-11T21:44:53+03:00] fd: 0 дескрипторов
[2025-10-11T21:44:53+03:00] 
[2025-10-11T21:44:53+03:00] === PID: 39 ===
[2025-10-11T21:44:53+03:00] Name: ksoftirqd/3
[2025-10-11T21:44:53+03:00] Max processes: 44487
[2025-10-11T21:44:53+03:00] mounts: 63 точек
[2025-10-11T21:44:53+03:00] fd: 0 дескрипторов
[2025-10-11T21:44:53+03:00] 
[2025-10-11T21:44:53+03:00] === PID: 390 ===
[2025-10-11T21:44:53+03:00] Name: systemd-udevd
[2025-10-11T21:44:53+03:00] Max processes: 44487
[2025-10-11T21:44:53+03:00] mounts: 61 точек
[2025-10-11T21:44:53+03:00] fd: 0 дескрипторов
[2025-10-11T21:44:53+03:00] 
[2025-10-11T21:44:53+03:00] === PID: 3959 ===
[2025-10-11T21:44:53+03:00] Name: update-notifier
[2025-10-11T21:44:53+03:00] Max processes: 44487
[2025-10-11T21:44:53+03:00] mounts: 63 точек
[2025-10-11T21:44:53+03:00] fd: 17 дескрипторов
[2025-10-11T21:44:53+03:00] 
[2025-10-11T21:44:53+03:00] === PID: 397 ===
[2025-10-11T21:44:53+03:00] Name: psimon
[2025-10-11T21:44:53+03:00] Max processes: 44487
[2025-10-11T21:44:53+03:00] mounts: 63 точек
[2025-10-11T21:44:53+03:00] fd: 0 дескрипторов
[2025-10-11T21:44:53+03:00] 
[2025-10-11T21:44:53+03:00] === PID: 4 ===
[2025-10-11T21:44:53+03:00] Name: kworker/R-rcu_gp
[2025-10-11T21:44:53+03:00] Max processes: 44487
[2025-10-11T21:44:53+03:00] mounts: 63 точек
[2025-10-11T21:44:53+03:00] fd: 0 дескрипторов
[2025-10-11T21:44:53+03:00] 
[2025-10-11T21:44:53+03:00] === PID: 41 ===
[2025-10-11T21:44:53+03:00] Name: kworker/3:0H-events_highpri
[2025-10-11T21:44:53+03:00] Max processes: 44487
[2025-10-11T21:44:53+03:00] mounts: 63 точек
[2025-10-11T21:44:53+03:00] fd: 0 дескрипторов
[2025-10-11T21:44:53+03:00] 
[2025-10-11T21:44:53+03:00] === PID: 42 ===
[2025-10-11T21:44:53+03:00] Name: kdevtmpfs
[2025-10-11T21:44:53+03:00] Max processes: 44487
[2025-10-11T21:44:53+03:00] mounts: 1 точек
[2025-10-11T21:44:53+03:00] fd: 0 дескрипторов
[2025-10-11T21:44:53+03:00] 
[2025-10-11T21:44:53+03:00] === PID: 43 ===
[2025-10-11T21:44:53+03:00] Name: kworker/R-inet_frag_wq
[2025-10-11T21:44:53+03:00] Max processes: 44487
[2025-10-11T21:44:53+03:00] mounts: 63 точек
[2025-10-11T21:44:53+03:00] fd: 0 дескрипторов
[2025-10-11T21:44:53+03:00] 
[2025-10-11T21:44:53+03:00] === PID: 44 ===
[2025-10-11T21:44:53+03:00] Name: kauditd
[2025-10-11T21:44:53+03:00] Max processes: 44487
[2025-10-11T21:44:53+03:00] mounts: 63 точек
[2025-10-11T21:44:53+03:00] fd: 0 дескрипторов
[2025-10-11T21:44:53+03:00] 
[2025-10-11T21:44:53+03:00] === PID: 44446 ===
[2025-10-11T21:44:53+03:00] Name: monitor_proc2.s
[2025-10-11T21:44:53+03:00] Max processes: 44487
[2025-10-11T21:44:53+03:00] mounts: 63 точек
[2025-10-11T21:44:53+03:00] fd: 9 дескрипторов
[2025-10-11T21:44:53+03:00] 
[2025-10-11T21:44:53+03:00] === PID: 4471 ===
[2025-10-11T21:44:53+03:00] Name: snap
[2025-10-11T21:44:53+03:00] Max processes: 44487
[2025-10-11T21:44:53+03:00] mounts: 63 точек
[2025-10-11T21:44:53+03:00] fd: 6 дескрипторов
[2025-10-11T21:44:53+03:00] 
[2025-10-11T21:44:53+03:00] === PID: 45 ===
[2025-10-11T21:44:53+03:00] Name: khungtaskd
[2025-10-11T21:44:53+03:00] Max processes: 44487
[2025-10-11T21:44:53+03:00] mounts: 63 точек
[2025-10-11T21:44:53+03:00] fd: 0 дескрипторов
[2025-10-11T21:44:53+03:00] 
[2025-10-11T21:44:53+03:00] === PID: 46 ===
[2025-10-11T21:44:53+03:00] Name: oom_reaper
[2025-10-11T21:44:53+03:00] Max processes: 44487
[2025-10-11T21:44:53+03:00] mounts: 63 точек
[2025-10-11T21:44:53+03:00] fd: 0 дескрипторов
[2025-10-11T21:44:53+03:00] 
[2025-10-11T21:44:53+03:00] === PID: 49 ===
[2025-10-11T21:44:53+03:00] Name: kworker/R-writeback
[2025-10-11T21:44:54+03:00] Max processes: 44487
[2025-10-11T21:44:54+03:00] mounts: 63 точек
[2025-10-11T21:44:54+03:00] fd: 0 дескрипторов
[2025-10-11T21:44:54+03:00] 
[2025-10-11T21:44:54+03:00] === PID: 5 ===
[2025-10-11T21:44:54+03:00] Name: kworker/R-sync_wq
[2025-10-11T21:44:54+03:00] Max processes: 44487
[2025-10-11T21:44:54+03:00] mounts: 63 точек
[2025-10-11T21:44:54+03:00] fd: 0 дескрипторов
[2025-10-11T21:44:54+03:00] 
[2025-10-11T21:44:54+03:00] === PID: 50 ===
[2025-10-11T21:44:54+03:00] Name: kcompactd0
[2025-10-11T21:44:54+03:00] Max processes: 44487
[2025-10-11T21:44:54+03:00] mounts: 63 точек
[2025-10-11T21:44:54+03:00] fd: 0 дескрипторов
[2025-10-11T21:44:54+03:00] 
[2025-10-11T21:44:54+03:00] === PID: 51 ===
[2025-10-11T21:44:54+03:00] Name: ksmd
[2025-10-11T21:44:54+03:00] Max processes: 44487
[2025-10-11T21:44:54+03:00] mounts: 63 точек
[2025-10-11T21:44:54+03:00] fd: 0 дескрипторов
[2025-10-11T21:44:54+03:00] 
[2025-10-11T21:44:54+03:00] === PID: 52 ===
[2025-10-11T21:44:54+03:00] Name: khugepaged
[2025-10-11T21:44:54+03:00] Max processes: 44487
[2025-10-11T21:44:54+03:00] mounts: 63 точек
[2025-10-11T21:44:54+03:00] fd: 0 дескрипторов
[2025-10-11T21:44:54+03:00] 
[2025-10-11T21:44:54+03:00] === PID: 53 ===
[2025-10-11T21:44:54+03:00] Name: kworker/R-kintegrityd
[2025-10-11T21:44:54+03:00] Max processes: 44487
[2025-10-11T21:44:54+03:00] mounts: 63 точек
[2025-10-11T21:44:54+03:00] fd: 0 дескрипторов
[2025-10-11T21:44:54+03:00] 
[2025-10-11T21:44:54+03:00] === PID: 54 ===
[2025-10-11T21:44:54+03:00] Name: kworker/R-kblockd
[2025-10-11T21:44:54+03:00] Max processes: 44487
[2025-10-11T21:44:54+03:00] mounts: 63 точек
[2025-10-11T21:44:54+03:00] fd: 0 дескрипторов
[2025-10-11T21:44:54+03:00] 
[2025-10-11T21:44:54+03:00] === PID: 55 ===
[2025-10-11T21:44:54+03:00] Name: kworker/R-blkcg_punt_bio
[2025-10-11T21:44:54+03:00] Max processes: 44487
[2025-10-11T21:44:54+03:00] mounts: 63 точек
[2025-10-11T21:44:54+03:00] fd: 0 дескрипторов
[2025-10-11T21:44:54+03:00] 
[2025-10-11T21:44:54+03:00] === PID: 56 ===
[2025-10-11T21:44:54+03:00] Name: irq/9-acpi
[2025-10-11T21:44:54+03:00] Max processes: 44487
[2025-10-11T21:44:54+03:00] mounts: 63 точек
[2025-10-11T21:44:54+03:00] fd: 0 дескрипторов
[2025-10-11T21:44:54+03:00] 
[2025-10-11T21:44:54+03:00] === PID: 59 ===
[2025-10-11T21:44:54+03:00] Name: kworker/R-tpm_dev_wq
[2025-10-11T21:44:54+03:00] Max processes: 44487
[2025-10-11T21:44:54+03:00] mounts: 63 точек
[2025-10-11T21:44:54+03:00] fd: 0 дескрипторов
[2025-10-11T21:44:54+03:00] 
[2025-10-11T21:44:54+03:00] === PID: 6 ===
[2025-10-11T21:44:54+03:00] Name: kworker/R-kvfree_rcu_reclaim
[2025-10-11T21:44:54+03:00] Max processes: 44487
[2025-10-11T21:44:54+03:00] mounts: 63 точек
[2025-10-11T21:44:54+03:00] fd: 0 дескрипторов
[2025-10-11T21:44:54+03:00] 
[2025-10-11T21:44:54+03:00] === PID: 60 ===
[2025-10-11T21:44:54+03:00] Name: kworker/R-ata_sff
[2025-10-11T21:44:54+03:00] Max processes: 44487
[2025-10-11T21:44:54+03:00] mounts: 63 точек
[2025-10-11T21:44:54+03:00] fd: 0 дескрипторов
[2025-10-11T21:44:54+03:00] 
[2025-10-11T21:44:54+03:00] === PID: 607 ===
[2025-10-11T21:44:54+03:00] Name: kworker/R-kmemstick
[2025-10-11T21:44:54+03:00] Max processes: 44487
[2025-10-11T21:44:54+03:00] mounts: 63 точек
[2025-10-11T21:44:54+03:00] fd: 0 дескрипторов
[2025-10-11T21:44:54+03:00] 
[2025-10-11T21:44:54+03:00] === PID: 61 ===
[2025-10-11T21:44:54+03:00] Name: kworker/R-md
[2025-10-11T21:44:54+03:00] Max processes: 44487
[2025-10-11T21:44:54+03:00] mounts: 63 точек
[2025-10-11T21:44:54+03:00] fd: 0 дескрипторов
[2025-10-11T21:44:54+03:00] 
[2025-10-11T21:44:54+03:00] === PID: 62 ===
[2025-10-11T21:44:54+03:00] Name: kworker/R-md_bitmap
[2025-10-11T21:44:54+03:00] Max processes: 44487
[2025-10-11T21:44:54+03:00] mounts: 63 точек
[2025-10-11T21:44:54+03:00] fd: 0 дескрипторов
[2025-10-11T21:44:54+03:00] 
[2025-10-11T21:44:54+03:00] === PID: 63 ===
[2025-10-11T21:44:54+03:00] Name: kworker/R-edac-poller
[2025-10-11T21:44:54+03:00] Max processes: 44487
[2025-10-11T21:44:54+03:00] mounts: 63 точек
[2025-10-11T21:44:54+03:00] fd: 0 дескрипторов
[2025-10-11T21:44:54+03:00] 
[2025-10-11T21:44:54+03:00] === PID: 639 ===
[2025-10-11T21:44:54+03:00] Name: irq/31-mei_me
[2025-10-11T21:44:54+03:00] Max processes: 44487
[2025-10-11T21:44:54+03:00] mounts: 63 точек
[2025-10-11T21:44:54+03:00] fd: 0 дескрипторов
[2025-10-11T21:44:54+03:00] 
[2025-10-11T21:44:54+03:00] === PID: 65 ===
[2025-10-11T21:44:54+03:00] Name: kworker/R-devfreq_wq
[2025-10-11T21:44:54+03:00] Max processes: 44487
[2025-10-11T21:44:54+03:00] mounts: 63 точек
[2025-10-11T21:44:54+03:00] fd: 0 дескрипторов
[2025-10-11T21:44:54+03:00] 
[2025-10-11T21:44:54+03:00] === PID: 66 ===
[2025-10-11T21:44:54+03:00] Name: watchdogd
[2025-10-11T21:44:54+03:00] Max processes: 44487
[2025-10-11T21:44:54+03:00] mounts: 63 точек
[2025-10-11T21:44:54+03:00] fd: 0 дескрипторов
[2025-10-11T21:44:54+03:00] 
[2025-10-11T21:44:54+03:00] === PID: 668 ===
[2025-10-11T21:44:54+03:00] Name: kworker/R-cfg80211
[2025-10-11T21:44:54+03:00] Max processes: 44487
[2025-10-11T21:44:54+03:00] mounts: 63 точек
[2025-10-11T21:44:54+03:00] fd: 0 дескрипторов
[2025-10-11T21:44:54+03:00] 
[2025-10-11T21:44:54+03:00] === PID: 67 ===
[2025-10-11T21:44:54+03:00] Name: kworker/3:1H-kblockd
[2025-10-11T21:44:54+03:00] Max processes: 44487
[2025-10-11T21:44:54+03:00] mounts: 63 точек
[2025-10-11T21:44:54+03:00] fd: 0 дескрипторов
[2025-10-11T21:44:54+03:00] 
[2025-10-11T21:44:54+03:00] === PID: 69 ===
[2025-10-11T21:44:54+03:00] Name: kswapd0
[2025-10-11T21:44:54+03:00] Max processes: 44487
[2025-10-11T21:44:54+03:00] mounts: 63 точек
[2025-10-11T21:44:54+03:00] fd: 0 дескрипторов
[2025-10-11T21:44:54+03:00] 
[2025-10-11T21:44:54+03:00] === PID: 7 ===
[2025-10-11T21:44:54+03:00] Name: kworker/R-slub_flushwq
[2025-10-11T21:44:54+03:00] Max processes: 44487
[2025-10-11T21:44:54+03:00] mounts: 63 точек
[2025-10-11T21:44:54+03:00] fd: 0 дескрипторов
[2025-10-11T21:44:54+03:00] 
[2025-10-11T21:44:54+03:00] === PID: 70 ===
[2025-10-11T21:44:54+03:00] Name: ecryptfs-kthread
[2025-10-11T21:44:54+03:00] Max processes: 44487
[2025-10-11T21:44:54+03:00] mounts: 63 точек
[2025-10-11T21:44:54+03:00] fd: 0 дескрипторов
[2025-10-11T21:44:54+03:00] 
[2025-10-11T21:44:54+03:00] === PID: 71 ===
[2025-10-11T21:44:54+03:00] Name: kworker/R-kthrotld
[2025-10-11T21:44:54+03:00] Max processes: 44487
[2025-10-11T21:44:54+03:00] mounts: 63 точек
[2025-10-11T21:44:54+03:00] fd: 0 дескрипторов
[2025-10-11T21:44:54+03:00] 
[2025-10-11T21:44:54+03:00] === PID: 72 ===
[2025-10-11T21:44:54+03:00] Name: kworker/R-acpi_thermal_pm
[2025-10-11T21:44:54+03:00] Max processes: 44487
[2025-10-11T21:44:54+03:00] mounts: 63 точек
[2025-10-11T21:44:54+03:00] fd: 0 дескрипторов
[2025-10-11T21:44:54+03:00] 
[2025-10-11T21:44:54+03:00] === PID: 7361 ===
[2025-10-11T21:44:54+03:00] Name: fwupd
[2025-10-11T21:44:54+03:00] Max processes: 44487
[2025-10-11T21:44:54+03:00] mounts: 85 точек
[2025-10-11T21:44:54+03:00] fd: 0 дескрипторов
[2025-10-11T21:44:54+03:00] 
[2025-10-11T21:44:54+03:00] === PID: 75 ===
[2025-10-11T21:44:54+03:00] Name: kworker/R-mld
[2025-10-11T21:44:54+03:00] Max processes: 44487
[2025-10-11T21:44:54+03:00] mounts: 63 точек
[2025-10-11T21:44:54+03:00] fd: 0 дескрипторов
[2025-10-11T21:44:54+03:00] 
[2025-10-11T21:44:54+03:00] === PID: 76 ===
[2025-10-11T21:44:54+03:00] Name: kworker/R-ipv6_addrconf
[2025-10-11T21:44:54+03:00] Max processes: 44487
[2025-10-11T21:44:54+03:00] mounts: 63 точек
[2025-10-11T21:44:54+03:00] fd: 0 дескрипторов
[2025-10-11T21:44:54+03:00] 
[2025-10-11T21:44:54+03:00] === PID: 8 ===
[2025-10-11T21:44:54+03:00] Name: kworker/R-netns
[2025-10-11T21:44:54+03:00] Max processes: 44487
[2025-10-11T21:44:55+03:00] mounts: 63 точек
[2025-10-11T21:44:55+03:00] fd: 0 дескрипторов
[2025-10-11T21:44:55+03:00] 
[2025-10-11T21:44:55+03:00] === PID: 8016 ===
[2025-10-11T21:44:55+03:00] Name: gvfsd-http
[2025-10-11T21:44:55+03:00] Max processes: 44487
[2025-10-11T21:44:55+03:00] mounts: 63 точек
[2025-10-11T21:44:55+03:00] fd: 7 дескрипторов
[2025-10-11T21:44:55+03:00] 
[2025-10-11T21:44:55+03:00] === PID: 83 ===
[2025-10-11T21:44:55+03:00] Name: kworker/R-kstrp
[2025-10-11T21:44:55+03:00] Max processes: 44487
[2025-10-11T21:44:55+03:00] mounts: 63 точек
[2025-10-11T21:44:55+03:00] fd: 0 дескрипторов
[2025-10-11T21:44:55+03:00] 
[2025-10-11T21:44:55+03:00] === PID: 86 ===
[2025-10-11T21:44:55+03:00] Name: kworker/u17:0-i915_flip
[2025-10-11T21:44:55+03:00] Max processes: 44487
[2025-10-11T21:44:55+03:00] mounts: 63 точек
[2025-10-11T21:44:55+03:00] fd: 0 дескрипторов
[2025-10-11T21:44:55+03:00] 
[2025-10-11T21:44:55+03:00] === PID: 8720 ===
[2025-10-11T21:44:55+03:00] Name: gvfsd-recent
[2025-10-11T21:44:55+03:00] Max processes: 44487
[2025-10-11T21:44:55+03:00] mounts: 63 точек
[2025-10-11T21:44:55+03:00] fd: 8 дескрипторов
[2025-10-11T21:44:55+03:00] 
[2025-10-11T21:44:55+03:00] === PID: 8729 ===
[2025-10-11T21:44:55+03:00] Name: gvfsd-network
[2025-10-11T21:44:55+03:00] Max processes: 44487
[2025-10-11T21:44:55+03:00] mounts: 63 точек
[2025-10-11T21:44:55+03:00] fd: 10 дескрипторов
[2025-10-11T21:44:55+03:00] 
[2025-10-11T21:44:55+03:00] === PID: 8738 ===
[2025-10-11T21:44:55+03:00] Name: gvfsd-dnssd
[2025-10-11T21:44:55+03:00] Max processes: 44487
[2025-10-11T21:44:55+03:00] mounts: 63 точек
[2025-10-11T21:44:55+03:00] fd: 9 дескрипторов
[2025-10-11T21:44:55+03:00] 
[2025-10-11T21:44:55+03:00] === PID: 8744 ===
[2025-10-11T21:44:55+03:00] Name: gvfsd-wsdd
[2025-10-11T21:44:55+03:00] Max processes: 44487
[2025-10-11T21:44:55+03:00] mounts: 63 точек
[2025-10-11T21:44:55+03:00] fd: 12 дескрипторов
[2025-10-11T21:44:55+03:00] 
[2025-10-11T21:44:55+03:00] === PID: 8749 ===
[2025-10-11T21:44:55+03:00] Name: python3
[2025-10-11T21:44:55+03:00] Max processes: 44487
[2025-10-11T21:44:55+03:00] mounts: 63 точек
[2025-10-11T21:44:55+03:00] fd: 18 дескрипторов
[2025-10-11T21:44:55+03:00] 
[2025-10-11T21:44:55+03:00] === PID: 9126 ===
[2025-10-11T21:44:55+03:00] Name: firefox
[2025-10-11T21:44:55+03:00] Max processes: 44487
[2025-10-11T21:44:55+03:00] mounts: 480 точек
[2025-10-11T21:44:55+03:00] fd: 217 дескрипторов
[2025-10-11T21:44:55+03:00] 
[2025-10-11T21:44:55+03:00] === PID: 918 ===
[2025-10-11T21:44:55+03:00] Name: kworker/R-ttm
[2025-10-11T21:44:55+03:00] Max processes: 44487
[2025-10-11T21:44:55+03:00] mounts: 63 точек
[2025-10-11T21:44:55+03:00] fd: 0 дескрипторов
[2025-10-11T21:44:55+03:00] 
[2025-10-11T21:44:55+03:00] === PID: 9186 ===
[2025-10-11T21:44:55+03:00] Name: crashhelper
[2025-10-11T21:44:55+03:00] Max processes: 44487
[2025-10-11T21:44:55+03:00] mounts: 480 точек
[2025-10-11T21:44:55+03:00] fd: 26 дескрипторов
[2025-10-11T21:44:55+03:00] 
[2025-10-11T21:44:55+03:00] === PID: 923 ===
[2025-10-11T21:44:55+03:00] Name: card1-crtc0
[2025-10-11T21:44:55+03:00] Max processes: 44487
[2025-10-11T21:44:55+03:00] mounts: 63 точек
[2025-10-11T21:44:55+03:00] fd: 0 дескрипторов
[2025-10-11T21:44:55+03:00] 
[2025-10-11T21:44:55+03:00] === PID: 924 ===
[2025-10-11T21:44:55+03:00] Name: card1-crtc1
[2025-10-11T21:44:55+03:00] Max processes: 44487
[2025-10-11T21:44:55+03:00] mounts: 63 точек
[2025-10-11T21:44:55+03:00] fd: 0 дескрипторов
[2025-10-11T21:44:55+03:00] 
[2025-10-11T21:44:55+03:00] === PID: 925 ===
[2025-10-11T21:44:55+03:00] Name: card1-crtc2
[2025-10-11T21:44:55+03:00] Max processes: 44487
[2025-10-11T21:44:55+03:00] mounts: 63 точек
[2025-10-11T21:44:55+03:00] fd: 0 дескрипторов
[2025-10-11T21:44:55+03:00] 
[2025-10-11T21:44:55+03:00] === PID: 926 ===
[2025-10-11T21:44:55+03:00] Name: kworker/R-cryptd
[2025-10-11T21:44:55+03:00] Max processes: 44487
[2025-10-11T21:44:55+03:00] mounts: 63 точек
[2025-10-11T21:44:55+03:00] fd: 0 дескрипторов
[2025-10-11T21:44:55+03:00] 
[2025-10-11T21:44:55+03:00] === PID: 9269 ===
[2025-10-11T21:44:55+03:00] Name: forkserver
[2025-10-11T21:44:55+03:00] Max processes: 44487
[2025-10-11T21:44:55+03:00] mounts: 480 точек
[2025-10-11T21:44:55+03:00] fd: 10 дескрипторов
[2025-10-11T21:44:55+03:00] 
[2025-10-11T21:44:55+03:00] === PID: 9274 ===
[2025-10-11T21:44:55+03:00] Name: Socket Process
[2025-10-11T21:44:55+03:00] Max processes: 44487
[2025-10-11T21:44:55+03:00] mounts: 0 точек
[2025-10-11T21:44:55+03:00] fd: 28 дескрипторов
[2025-10-11T21:44:55+03:00] 
[2025-10-11T21:44:55+03:00] === PID: 9286 ===
[2025-10-11T21:44:55+03:00] Name: Privileged Cont
[2025-10-11T21:44:55+03:00] Max processes: 44487
[2025-10-11T21:44:55+03:00] mounts: 0 точек
[2025-10-11T21:44:55+03:00] fd: 44 дескрипторов
[2025-10-11T21:44:55+03:00] 
[2025-10-11T21:44:55+03:00] === PID: 9296 ===
[2025-10-11T21:44:55+03:00] Name: RDD Process
[2025-10-11T21:44:55+03:00] Max processes: 44487
[2025-10-11T21:44:55+03:00] mounts: 0 точек
[2025-10-11T21:44:55+03:00] fd: 26 дескрипторов
[2025-10-11T21:44:55+03:00] 
[2025-10-11T21:44:55+03:00] === PID: 9619 ===
[2025-10-11T21:44:55+03:00] Name: WebExtensions
[2025-10-11T21:44:55+03:00] Max processes: 44487
[2025-10-11T21:44:55+03:00] mounts: 0 точек
[2025-10-11T21:44:55+03:00] fd: 48 дескрипторов
[2025-10-11T21:44:55+03:00] 
[2025-10-11T21:44:55+03:00] === PID: 9796 ===
[2025-10-11T21:44:55+03:00] Name: Utility Process
[2025-10-11T21:44:55+03:00] Max processes: 44487
[2025-10-11T21:44:55+03:00] mounts: 0 точек
[2025-10-11T21:44:55+03:00] fd: 27 дескрипторов
[2025-10-11T21:44:55+03:00] 
[2025-10-11T21:44:55+03:00] === PID: 9804 ===
[2025-10-11T21:44:55+03:00] Name: Isolated Web Co
[2025-10-11T21:44:55+03:00] Max processes: 44487
[2025-10-11T21:44:55+03:00] mounts: 0 точек
[2025-10-11T21:44:55+03:00] fd: 45 дескрипторов
[2025-10-11T21:44:55+03:00] 
[2025-10-11T21:44:55+03:00] === PID: 9809 ===
[2025-10-11T21:44:55+03:00] Name: Isolated Web Co
[2025-10-11T21:44:55+03:00] Max processes: 44487
[2025-10-11T21:44:55+03:00] mounts: 0 точек
[2025-10-11T21:44:55+03:00] fd: 44 дескрипторов
[2025-10-11T21:44:55+03:00] 
[2025-10-11T21:44:55+03:00] === PID: 99 ===
[2025-10-11T21:44:55+03:00] Name: kworker/R-charger_manager
[2025-10-11T21:44:55+03:00] Max processes: 44487
[2025-10-11T21:44:55+03:00] mounts: 63 точек
[2025-10-11T21:44:55+03:00] fd: 0 дескрипторов
[2025-10-11T21:44:55+03:00] 
[2025-10-11T21:44:55+03:00] === PID: 9985 ===
[2025-10-11T21:44:55+03:00] Name: Web Content
[2025-10-11T21:44:55+03:00] Max processes: 44487
[2025-10-11T21:44:55+03:00] mounts: 0 точек
[2025-10-11T21:44:55+03:00] fd: 44 дескрипторов
[2025-10-11T21:44:55+03:00] 
[2025-10-11T21:44:56+03:00] Готово.
